================================================================================
Self Consistent Field (SCF) Settings:

  SCF Type:                           Complex Generalized Hartree-Fock
  Density Convergence Tolerence:      1.000000e-02
  Energy Convergence Tolerence:       1.000000e-10
  Maximum Number of SCF Cycles:       1
  Integral Contraction Algorithm:     In-Core (BTAS)
  Incremental Fock Build?             No
  Initial Guess:                      Read
  DIIS Extrapolation Algorithm:       CDIIS
  Damping Parameter:                  7.0000e-01

--------------------------------------------------------------------------------
SCF Iteration   Energy (Eh)       ΔE (Eh)          |ΔP|             
-------------   -----------       -------           ----              
    *** INITIAL GUESS ENERGY = -1.3360e+00 Eh ***
Using LebedevTrap Grid = (6,4)
Doing PHF Incremental Fock Build
Alpha = 0.0000e+00
Beta  = 1.5708e+00
Gamma = 7.8540e-01

Re[Rot Density (Scalar)]: 
--------------------------------------------------------------------------------
     1               2               3               
1      4.86174927e-01  3.28662399e-01  3.28662397e-01
2      3.28662400e-01  1.28073329e+00 -7.05303632e-01
3      3.28662396e-01 -7.05303631e-01  1.28073329e+00
--------------------------------------------------------------------------------

Im[Rot Density (Scalar)]: 
--------------------------------------------------------------------------------
     1               2               3               
1      1.47236478e-11 -3.42333203e-10  2.07380663e-10
2      1.23383486e-09 -3.38434986e-10 -7.78167784e-10
3     -1.14713156e-09  7.84336405e-10  3.44603649e-10
--------------------------------------------------------------------------------

Re[Rot Density (Mz)]: 
--------------------------------------------------------------------------------
     1               2               3               
1      1.13598855e-01  8.61021745e-02  8.61021803e-02
2     -5.70565201e-02 -4.58913345e-01  3.63730078e-01
3     -5.70565175e-02  3.63730080e-01 -4.58913351e-01
--------------------------------------------------------------------------------

Im[Rot Density (Mz)]: 
--------------------------------------------------------------------------------
     1               2               3               
1      2.45777815e-10 -4.61828420e-10  3.12832458e-10
2     -2.54065432e-09  2.76207903e-09  2.49326924e-10
3      2.52240869e-09 -1.71022087e-09 -1.26467317e-09
--------------------------------------------------------------------------------

Re[Rot Density (My)]: 
--------------------------------------------------------------------------------
     1               2               3               
1      2.74251897e-01  5.41207442e-03  5.41207561e-03
2      6.47103468e-02 -1.10791483e+00  8.78122093e-01
3      6.47103497e-02  8.78122092e-01 -1.10791483e+00
--------------------------------------------------------------------------------

Im[Rot Density (My)]: 
--------------------------------------------------------------------------------
     1               2               3               
1     -1.58520378e-10  4.52747964e-10 -2.80762534e-10
2      8.27943106e-10 -1.74189107e-09  2.92851118e-10
3     -8.07106603e-10  1.10032977e-09  1.78678327e-10
--------------------------------------------------------------------------------

Re[Rot Density (Mx)]: 
--------------------------------------------------------------------------------
     1               2               3               
1     -5.07339631e-10  9.33758474e-10 -4.31567788e-10
2     -2.79977025e-09  2.54278804e-09  7.50413586e-10
3      2.07956655e-09 -2.44878989e-09 -6.20986003e-11
--------------------------------------------------------------------------------

Im[Rot Density (Mx)]: 
--------------------------------------------------------------------------------
     1               2               3               
1     -4.69403844e-02  1.55732818e-02  1.55732880e-02
2      1.55732849e-02 -4.27005261e-01  3.95638162e-01
3      1.55732847e-02  3.95638165e-01 -4.27005266e-01
--------------------------------------------------------------------------------
Alpha = 0.00000000e+00
Beta  = 1.57079633e+00
Gamma = 2.35619449e+00

Re[Rot Density (Scalar)]: 
--------------------------------------------------------------------------------
     1               2               3               
1      4.18649473e-01  3.83981841e-01  3.83981850e-01
2      3.83981849e-01  1.26658828e+00 -7.19448646e-01
3      3.83981843e-01 -7.19448637e-01  1.26658828e+00
--------------------------------------------------------------------------------

Im[Rot Density (Scalar)]: 
--------------------------------------------------------------------------------
     1               2               3               
1      1.67684367e-11 -1.18793626e-09  1.04218761e-09
2      6.85565248e-09 -2.12073573e-09 -4.32324326e-09
3     -6.76485388e-09  4.33026786e-09  2.12776174e-09
--------------------------------------------------------------------------------

Re[Rot Density (Mz)]: 
--------------------------------------------------------------------------------
     1               2               3               
1      1.21230714e-01  9.18867341e-02  9.18867466e-02
2     -6.08897252e-02 -2.44814759e+00  2.34656967e+00
3     -6.08897160e-02  2.34656967e+00 -2.44814760e+00
--------------------------------------------------------------------------------

Im[Rot Density (Mz)]: 
--------------------------------------------------------------------------------
     1               2               3               
1     -4.02355309e-11  1.10524053e-11  3.04007374e-11
2     -3.13366174e-09 -2.85530568e-09  5.15649635e-09
3      3.31496964e-09  3.27102883e-09 -5.93718651e-09
--------------------------------------------------------------------------------

Re[Rot Density (My)]: 
--------------------------------------------------------------------------------
     1               2               3               
1      5.02154062e-02 -1.77997804e-01 -1.77997813e-01
2      1.90837194e-01 -1.01405594e+00  9.71980988e-01
3      1.90837195e-01  9.71980983e-01 -1.01405594e+00
--------------------------------------------------------------------------------

Im[Rot Density (My)]: 
--------------------------------------------------------------------------------
     1               2               3               
1     -2.31718077e-10  1.28406166e-09 -1.14316813e-09
2      6.49097518e-09 -8.84425705e-09  2.09890788e-09
3     -6.38896236e-09  6.45540546e-09  1.67444654e-10
--------------------------------------------------------------------------------

Re[Rot Density (Mx)]: 
--------------------------------------------------------------------------------
     1               2               3               
1     -4.94846280e-10  7.75781059e-10 -2.70757720e-10
2     -2.79806201e-09  7.70357072e-09 -4.41586899e-09
3      1.99856728e-09 -7.31426238e-09  4.92368093e-09
--------------------------------------------------------------------------------

Im[Rot Density (Mx)]: 
--------------------------------------------------------------------------------
     1               2               3               
1     -5.00939587e-02  1.66195312e-02  1.66195442e-02
2      1.66195346e-02 -2.41409584e+00  2.38062142e+00
3      1.66195406e-02  2.38062142e+00 -2.41409585e+00
--------------------------------------------------------------------------------
Alpha = 0.00000000e+00
Beta  = 1.57079633e+00
Gamma = 3.92699082e+00

Re[Rot Density (Scalar)]: 
--------------------------------------------------------------------------------
     1               2               3               
1      4.18649473e-01  3.83981855e-01  3.83981837e-01
2      3.83981847e-01  1.26658828e+00 -7.19448637e-01
3      3.83981845e-01 -7.19448646e-01  1.26658829e+00
--------------------------------------------------------------------------------

Im[Rot Density (Scalar)]: 
--------------------------------------------------------------------------------
     1               2               3               
1     -1.67687918e-11  8.23393264e-10 -9.14191792e-10
2     -6.49110959e-09  2.12073599e-09  4.10262073e-09
3      6.63685823e-09 -4.10964568e-09 -2.12776151e-09
--------------------------------------------------------------------------------

Re[Rot Density (Mz)]: 
--------------------------------------------------------------------------------
     1               2               3               
1     -1.21230714e-01 -9.18867386e-02 -9.18867410e-02
2      6.08897237e-02  2.44814760e+00 -2.34656968e+00
3      6.08897168e-02 -2.34656968e+00  2.44814761e+00
--------------------------------------------------------------------------------

Im[Rot Density (Mz)]: 
--------------------------------------------------------------------------------
     1               2               3               
1     -1.06285918e-10 -5.08190711e-10  5.01263046e-10
2     -2.56853768e-09 -2.82713530e-09  4.56254980e-09
3      2.83356568e-09  3.89738998e-09 -5.93294640e-09
--------------------------------------------------------------------------------

Re[Rot Density (My)]: 
--------------------------------------------------------------------------------
     1               2               3               
1      5.02154055e-02 -1.77997818e-01 -1.77997800e-01
2      1.90837192e-01 -1.01405593e+00  9.71980984e-01
3      1.90837197e-01  9.71980988e-01 -1.01405594e+00
--------------------------------------------------------------------------------

Im[Rot Density (My)]: 
--------------------------------------------------------------------------------
     1               2               3               
1      7.22580801e-11 -1.00409946e-09  9.33222415e-10
2     -6.66017221e-09  8.91226875e-09 -1.80704796e-09
3      6.57345906e-09 -6.66901368e-09 -1.57205606e-10
--------------------------------------------------------------------------------

Re[Rot Density (Mx)]: 
--------------------------------------------------------------------------------
     1               2               3               
1     -4.94846359e-10  1.27131450e-09 -7.66291175e-10
2     -3.29359579e-09  7.70357150e-09 -3.79331600e-09
3      2.49410118e-09 -7.93681720e-09  4.92368204e-09
--------------------------------------------------------------------------------

Im[Rot Density (Mx)]: 
--------------------------------------------------------------------------------
     1               2               3               
1      5.00939585e-02 -1.66195363e-02 -1.66195386e-02
2     -1.66195330e-02  2.41409585e+00 -2.38062144e+00
3     -1.66195422e-02 -2.38062143e+00  2.41409586e+00
--------------------------------------------------------------------------------
Alpha = 0.00000000e+00
Beta  = 1.57079633e+00
Gamma = 5.49778714e+00

Re[Rot Density (Scalar)]: 
--------------------------------------------------------------------------------
     1               2               3               
1      4.86174927e-01  3.28662402e-01  3.28662395e-01
2      3.28662400e-01  1.28073329e+00 -7.05303631e-01
3      3.28662396e-01 -7.05303632e-01  1.28073329e+00
--------------------------------------------------------------------------------

Im[Rot Density (Scalar)]: 
--------------------------------------------------------------------------------
     1               2               3               
1     -1.47240823e-11  7.39317587e-13 -8.74425542e-11
2     -8.92240842e-10  3.38435101e-10  5.71434497e-10
3      1.02719361e-09 -5.77602920e-10 -3.44603610e-10
--------------------------------------------------------------------------------

Re[Rot Density (Mz)]: 
--------------------------------------------------------------------------------
     1               2               3               
1     -1.13598855e-01 -8.61021798e-02 -8.61021760e-02
2      5.70565195e-02  4.58913352e-01 -3.63730082e-01
3      5.70565188e-02 -3.63730080e-01  4.58913349e-01
--------------------------------------------------------------------------------

Im[Rot Density (Mz)]: 
--------------------------------------------------------------------------------
     1               2               3               
1      1.83885615e-10 -5.63713458e-10  3.69382313e-10
2     -2.39577720e-09  2.78847667e-09  1.76043518e-10
3      2.45598111e-09 -1.60656482e-09 -1.26069926e-09
--------------------------------------------------------------------------------

Re[Rot Density (My)]: 
--------------------------------------------------------------------------------
     1               2               3               
1      2.74251896e-01  5.41207171e-03  5.41207729e-03
2      6.47103470e-02 -1.10791483e+00  8.78122092e-01
3      6.47103503e-02  8.78122093e-01 -1.10791483e+00
--------------------------------------------------------------------------------

Im[Rot Density (My)]: 
--------------------------------------------------------------------------------
     1               2               3               
1      1.32883262e-10 -1.45975983e-10  1.30269454e-10
2     -1.11690711e-09  1.75282562e-09 -7.29759158e-11
3      9.53508149e-10 -1.30762410e-09 -1.77031994e-10
--------------------------------------------------------------------------------

Re[Rot Density (Mx)]: 
--------------------------------------------------------------------------------
     1               2               3               
1     -5.07339651e-10  1.01342633e-09 -5.11235602e-10
2     -2.87943811e-09  2.54278824e-09  8.50502528e-10
3      2.15923450e-09 -2.54887921e-09 -6.20983726e-11
--------------------------------------------------------------------------------

Im[Rot Density (Mx)]: 
--------------------------------------------------------------------------------
     1               2               3               
1      4.69403849e-02 -1.55732867e-02 -1.55732830e-02
2     -1.55732836e-02  4.27005266e-01 -3.95638167e-01
3     -1.55732863e-02 -3.95638164e-01  4.27005265e-01
--------------------------------------------------------------------------------
Alpha = 3.14159265e+00
Beta  = 1.57079633e+00
Gamma = 7.85398163e-01

Re[Rot Density (Scalar)]: 
--------------------------------------------------------------------------------
     1               2               3               
1      4.18649473e-01  3.83981855e-01  3.83981837e-01
2      3.83981851e-01  1.26658828e+00 -7.19448639e-01
3      3.83981842e-01 -7.19448644e-01  1.26658829e+00
--------------------------------------------------------------------------------

Im[Rot Density (Scalar)]: 
--------------------------------------------------------------------------------
     1               2               3               
1      1.67707594e-11  2.13563616e-09 -2.28138859e-09
2      7.18089696e-09 -3.48147001e-09 -2.67673026e-09
3     -7.09010221e-09  2.68375620e-09  3.48849669e-09
--------------------------------------------------------------------------------

Re[Rot Density (Mz)]: 
--------------------------------------------------------------------------------
     1               2               3               
1      1.21230714e-01  9.18867388e-02  9.18867408e-02
2     -6.08897252e-02 -2.44814760e+00  2.34656969e+00
3     -6.08897154e-02  2.34656968e+00 -2.44814761e+00
--------------------------------------------------------------------------------

Im[Rot Density (Mz)]: 
--------------------------------------------------------------------------------
     1               2               3               
1     -4.03113765e-11  1.27883852e-09 -1.23731864e-09
2     -3.20023495e-09 -3.75142563e-09  5.84939062e-09
3      3.38159061e-09  2.58917819e-09 -5.05223418e-09
--------------------------------------------------------------------------------

Re[Rot Density (My)]: 
--------------------------------------------------------------------------------
     1               2               3               
1      5.02154055e-02 -1.77997818e-01 -1.77997800e-01
2      1.90837196e-01 -1.01405593e+00  9.71980982e-01
3      1.90837194e-01  9.71980989e-01 -1.01405594e+00
--------------------------------------------------------------------------------

Im[Rot Density (My)]: 
--------------------------------------------------------------------------------
     1               2               3               
1     -2.31710366e-10 -2.03950634e-09  2.18041246e-09
2      6.81621718e-09 -7.19774792e-09  7.38169841e-10
3     -6.71421310e-09  7.81613677e-09 -1.47907072e-09
--------------------------------------------------------------------------------

Re[Rot Density (Mx)]: 
--------------------------------------------------------------------------------
     1               2               3               
1     -4.95044913e-10 -4.92125550e-10  9.96841050e-10
2     -2.73136468e-09  8.59974507e-09 -5.10870862e-09
3      1.93207054e-09 -6.63235720e-09  4.03878320e-09
--------------------------------------------------------------------------------

Im[Rot Density (Mx)]: 
--------------------------------------------------------------------------------
     1               2               3               
1     -5.00939585e-02  1.66195363e-02  1.66195387e-02
2      1.66195343e-02 -2.41409585e+00  2.38062144e+00
3      1.66195409e-02  2.38062143e+00 -2.41409586e+00
--------------------------------------------------------------------------------
Alpha = 3.14159265e+00
Beta  = 1.57079633e+00
Gamma = 2.35619449e+00

Re[Rot Density (Scalar)]: 
--------------------------------------------------------------------------------
     1               2               3               
1      4.86174927e-01  3.28662402e-01  3.28662395e-01
2      3.28662401e-01  1.28073329e+00 -7.05303631e-01
3      3.28662396e-01 -7.05303632e-01  1.28073329e+00
--------------------------------------------------------------------------------

Im[Rot Density (Scalar)]: 
--------------------------------------------------------------------------------
     1               2               3               
1      1.47256718e-11  1.92002158e-10 -3.26957991e-10
2      1.28612360e-09 -5.57202164e-10 -5.13454812e-10
3     -1.19942356e-09  5.19624034e-10  5.63372004e-10
--------------------------------------------------------------------------------

Re[Rot Density (Mz)]: 
--------------------------------------------------------------------------------
     1               2               3               
1      1.13598855e-01  8.61021799e-02  8.61021760e-02
2     -5.70565207e-02 -4.58913351e-01  3.63730083e-01
3     -5.70565176e-02  3.63730079e-01 -4.58913350e-01
--------------------------------------------------------------------------------

Im[Rot Density (Mz)]: 
--------------------------------------------------------------------------------
     1               2               3               
1      2.45692167e-10  7.26135336e-10 -8.75090987e-10
2     -2.60302928e-09  1.92662892e-09  8.94357168e-10
3      2.58484301e-09 -2.35339084e-09 -4.31175062e-10
--------------------------------------------------------------------------------

Re[Rot Density (My)]: 
--------------------------------------------------------------------------------
     1               2               3               
1      2.74251896e-01  5.41207170e-03  5.41207730e-03
2      6.47103474e-02 -1.10791483e+00  8.78122092e-01
3      6.47103499e-02  8.78122093e-01 -1.10791483e+00
--------------------------------------------------------------------------------

Im[Rot Density (My)]: 
--------------------------------------------------------------------------------
     1               2               3               
1     -1.58513621e-10 -8.15834728e-11  2.53579990e-10
2      8.80229680e-10 -1.47718133e-09  7.40806070e-11
3     -8.59400758e-10  1.31909481e-09 -8.60372942e-11
--------------------------------------------------------------------------------

Re[Rot Density (Mx)]: 
--------------------------------------------------------------------------------
     1               2               3               
1     -5.07531736e-10 -2.54327337e-10  7.56233662e-10
2     -2.73726969e-09  3.37829328e-09  1.05438558e-10
3      2.01725786e-09 -1.80556465e-09 -8.95541576e-10
--------------------------------------------------------------------------------

Im[Rot Density (Mx)]: 
--------------------------------------------------------------------------------
     1               2               3               
1     -4.69403849e-02  1.55732867e-02  1.55732831e-02
2      1.55732848e-02 -4.27005267e-01  3.95638167e-01
3      1.55732851e-02  3.95638165e-01 -4.27005264e-01
--------------------------------------------------------------------------------
Alpha = 3.14159265e+00
Beta  = 1.57079633e+00
Gamma = 3.92699082e+00

Re[Rot Density (Scalar)]: 
--------------------------------------------------------------------------------
     1               2               3               
1      4.86174927e-01  3.28662399e-01  3.28662397e-01
2      3.28662400e-01  1.28073329e+00 -7.05303632e-01
3      3.28662397e-01 -7.05303631e-01  1.28073329e+00
--------------------------------------------------------------------------------

Im[Rot Density (Scalar)]: 
--------------------------------------------------------------------------------
     1               2               3               
1     -1.47260450e-11 -5.33596103e-10  4.46896312e-10
2     -9.44529738e-10  5.57202413e-10  3.06721210e-10
3      1.07948572e-09 -3.12890559e-10 -5.63371858e-10
--------------------------------------------------------------------------------

Re[Rot Density (Mz)]: 
--------------------------------------------------------------------------------
     1               2               3               
1     -1.13598855e-01 -8.61021744e-02 -8.61021804e-02
2      5.70565188e-02  4.58913346e-01 -3.63730077e-01
3      5.70565187e-02 -3.63730081e-01  4.58913350e-01
--------------------------------------------------------------------------------

Im[Rot Density (Mz)]: 
--------------------------------------------------------------------------------
     1               2               3               
1      1.83799987e-10  6.24250351e-10 -8.18541244e-10
2     -2.45815208e-09  1.95302747e-09  8.21072951e-10
3      2.51841536e-09 -2.24973548e-09 -4.27200400e-10
--------------------------------------------------------------------------------

Re[Rot Density (My)]: 
--------------------------------------------------------------------------------
     1               2               3               
1      2.74251897e-01  5.41207443e-03  5.41207561e-03
2      6.47103464e-02 -1.10791483e+00  8.78122093e-01
3      6.47103502e-02  8.78122092e-01 -1.10791483e+00
--------------------------------------------------------------------------------

Im[Rot Density (My)]: 
--------------------------------------------------------------------------------
     1               2               3               
1      1.32876544e-10  3.88355642e-10 -4.04073199e-10
2     -1.16919381e-09  1.48811561e-09  1.45794720e-10
3      1.00580239e-09 -1.52638906e-09  8.76836282e-11
--------------------------------------------------------------------------------

Re[Rot Density (Mx)]: 
--------------------------------------------------------------------------------
     1               2               3               
1     -5.07531629e-10 -1.74659434e-10  6.76565961e-10
2     -2.81693761e-09  3.37829259e-09  2.05528258e-10
3      2.09692571e-09 -1.90565331e-09 -8.95542045e-10
--------------------------------------------------------------------------------

Im[Rot Density (Mx)]: 
--------------------------------------------------------------------------------
     1               2               3               
1      4.69403844e-02 -1.55732818e-02 -1.55732879e-02
2     -1.55732837e-02  4.27005260e-01 -3.95638163e-01
3     -1.55732859e-02 -3.95638165e-01  4.27005267e-01
--------------------------------------------------------------------------------
Alpha = 3.14159265e+00
Beta  = 1.57079633e+00
Gamma = 5.49778714e+00

Re[Rot Density (Scalar)]: 
--------------------------------------------------------------------------------
     1               2               3               
1      4.18649473e-01  3.83981841e-01  3.83981851e-01
2      3.83981846e-01  1.26658828e+00 -7.19448644e-01
3      3.83981846e-01 -7.19448639e-01  1.26658828e+00
--------------------------------------------------------------------------------

Im[Rot Density (Scalar)]: 
--------------------------------------------------------------------------------
     1               2               3               
1     -1.67711871e-11 -2.50017919e-09  2.40938458e-09
2     -6.81635365e-09  3.48147004e-09  2.45610825e-09
3      6.96210625e-09 -2.46313385e-09 -3.48849691e-09
--------------------------------------------------------------------------------

Re[Rot Density (Mz)]: 
--------------------------------------------------------------------------------
     1               2               3               
1     -1.21230714e-01 -9.18867339e-02 -9.18867468e-02
2      6.08897238e-02  2.44814759e+00 -2.34656967e+00
3      6.08897174e-02 -2.34656967e+00  2.44814760e+00
--------------------------------------------------------------------------------

Im[Rot Density (Mz)]: 
--------------------------------------------------------------------------------
     1               2               3               
1     -1.06361612e-10  7.59595072e-10 -7.66456171e-10
2     -2.63511108e-09 -3.72325223e-09  5.25544081e-09
3      2.90018662e-09  3.21553676e-09 -5.04799123e-09
--------------------------------------------------------------------------------

Re[Rot Density (My)]: 
--------------------------------------------------------------------------------
     1               2               3               
1      5.02154062e-02 -1.77997803e-01 -1.77997813e-01
2      1.90837191e-01 -1.01405594e+00  9.71980989e-01
3      1.90837198e-01  9.71980982e-01 -1.01405594e+00
--------------------------------------------------------------------------------

Im[Rot Density (My)]: 
--------------------------------------------------------------------------------
     1               2               3               
1      7.22502561e-11  2.31946858e-09 -2.39035840e-09
2     -6.98541387e-09  7.26576001e-09 -4.46310244e-10
3      6.89870952e-09 -8.02974521e-09  1.48931006e-09
--------------------------------------------------------------------------------

Re[Rot Density (Mx)]: 
--------------------------------------------------------------------------------
     1               2               3               
1     -4.95044721e-10  3.40814171e-12  5.01307599e-10
2     -3.22689843e-09  8.59974304e-09 -4.48615247e-09
3      2.42760410e-09 -7.25490945e-09  4.03878121e-09
--------------------------------------------------------------------------------

Im[Rot Density (Mx)]: 
--------------------------------------------------------------------------------
     1               2               3               
1      5.00939587e-02 -1.66195313e-02 -1.66195441e-02
2     -1.66195333e-02  2.41409584e+00 -2.38062142e+00
3     -1.66195419e-02 -2.38062142e+00  2.41409585e+00
--------------------------------------------------------------------------------
Alpha = 1.57079633e+00
Beta  = 1.57079633e+00
Gamma = 7.85398163e-01

Re[Rot Density (Scalar)]: 
--------------------------------------------------------------------------------
     1               2               3               
1      4.53509474e-01  3.55423196e-01  3.55423190e-01
2      3.55423198e-01  1.27389064e+00 -7.12146284e-01
3      3.55423189e-01 -7.12146282e-01  1.27389064e+00
--------------------------------------------------------------------------------

Im[Rot Density (Scalar)]: 
--------------------------------------------------------------------------------
     1               2               3               
1     -6.50340177e-12 -2.77232871e-09  2.66855424e-09
2      1.38336095e-09  5.20635153e-10 -2.19616737e-09
3     -1.25827577e-09  2.19344287e-09 -5.23359595e-10
--------------------------------------------------------------------------------

Re[Rot Density (Mz)]: 
--------------------------------------------------------------------------------
     1               2               3               
1      1.17290768e-01  8.89004586e-02  8.89004629e-02
2     -5.89108329e-02 -7.51308427e-01  6.53031746e-01
3     -5.89108288e-02  6.53031747e-01 -7.51308432e-01
--------------------------------------------------------------------------------

Im[Rot Density (Mz)]: 
--------------------------------------------------------------------------------
     1               2               3               
1      4.84659270e-02 -1.60794108e-02 -1.60794090e-02
2     -1.60794114e-02  7.18363350e-01 -6.85976832e-01
3     -1.60794084e-02 -6.85976832e-01  7.18363347e-01
--------------------------------------------------------------------------------

Re[Rot Density (My)]: 
--------------------------------------------------------------------------------
     1               2               3               
1      1.65874196e-01 -8.33124988e-02 -8.33124936e-02
2      1.25724239e-01 -1.06251057e+00  9.23526352e-01
3      1.25724237e-01  9.23526355e-01 -1.06251057e+00
--------------------------------------------------------------------------------

Im[Rot Density (My)]: 
--------------------------------------------------------------------------------
     1               2               3               
1     -2.67606533e-10  2.81037931e-09 -2.77413312e-09
2      1.05794774e-09 -3.56955470e-09  1.76135317e-09
3     -9.14872198e-10  7.49193554e-10  1.03552180e-09
--------------------------------------------------------------------------------

Re[Rot Density (Mx)]: 
--------------------------------------------------------------------------------
     1               2               3               
1      1.17290768e-01  8.89004629e-02  8.89004601e-02
2     -5.89108356e-02 -7.51308429e-01  6.53031749e-01
3     -5.89108275e-02  6.53031744e-01 -7.51308432e-01
--------------------------------------------------------------------------------

Im[Rot Density (Mx)]: 
--------------------------------------------------------------------------------
     1               2               3               
1     -4.84659266e-02  1.60794075e-02  1.60794122e-02
2      1.60794092e-02 -7.18363344e-01  6.85976828e-01
3      1.60794103e-02  6.85976831e-01 -7.18363348e-01
--------------------------------------------------------------------------------
Alpha = 1.57079633e+00
Beta  = 1.57079633e+00
Gamma = 2.35619449e+00

Re[Rot Density (Scalar)]: 
--------------------------------------------------------------------------------
     1               2               3               
1      4.53509474e-01  3.55423196e-01  3.55423190e-01
2      3.55423194e-01  1.27389064e+00 -7.12146282e-01
3      3.55423192e-01 -7.12146284e-01  1.27389064e+00
--------------------------------------------------------------------------------

Im[Rot Density (Scalar)]: 
--------------------------------------------------------------------------------
     1               2               3               
1     -6.50123759e-12 -2.68016386e-09  2.57638592e-09
2      2.32517486e-09  1.35038556e-10 -2.66274635e-09
3     -2.20009326e-09  2.66002250e-09 -1.37761907e-10
--------------------------------------------------------------------------------

Re[Rot Density (Mz)]: 
--------------------------------------------------------------------------------
     1               2               3               
1      1.17290769e-01  8.89004624e-02  8.89004601e-02
2     -5.89108330e-02 -7.51308430e-01  6.53031748e-01
3     -5.89108293e-02  6.53031745e-01 -7.51308431e-01
--------------------------------------------------------------------------------

Im[Rot Density (Mz)]: 
--------------------------------------------------------------------------------
     1               2               3               
1     -4.84659265e-02  1.60794076e-02  1.60794119e-02
2      1.60794061e-02 -7.18363341e-01  6.85976828e-01
3      1.60794136e-02  6.85976827e-01 -7.18363349e-01
--------------------------------------------------------------------------------

Re[Rot Density (My)]: 
--------------------------------------------------------------------------------
     1               2               3               
1      1.65874195e-01 -8.33124986e-02 -8.33124937e-02
2      1.25724235e-01 -1.06251057e+00  9.23526352e-01
3      1.25724240e-01  9.23526351e-01 -1.06251057e+00
--------------------------------------------------------------------------------

Im[Rot Density (My)]: 
--------------------------------------------------------------------------------
     1               2               3               
1     -2.67663983e-10  2.76483727e-09 -2.72855310e-09
2      1.92526917e-09 -4.17996266e-09  1.29223514e-09
3     -1.78215632e-09  1.22057403e-09  1.64359186e-09
--------------------------------------------------------------------------------

Re[Rot Density (Mx)]: 
--------------------------------------------------------------------------------
     1               2               3               
1     -1.17290769e-01 -8.89004580e-02 -8.89004629e-02
2      5.89108291e-02  7.51308429e-01 -6.53031744e-01
3      5.89108317e-02 -6.53031748e-01  7.51308431e-01
--------------------------------------------------------------------------------

Im[Rot Density (Mx)]: 
--------------------------------------------------------------------------------
     1               2               3               
1     -4.84659269e-02  1.60794108e-02  1.60794089e-02
2      1.60794096e-02 -7.18363347e-01  6.85976831e-01
3      1.60794103e-02  6.85976829e-01 -7.18363347e-01
--------------------------------------------------------------------------------
Alpha = 1.57079633e+00
Beta  = 1.57079633e+00
Gamma = 3.92699082e+00

Re[Rot Density (Scalar)]: 
--------------------------------------------------------------------------------
     1               2               3               
1      4.53509474e-01  3.55423196e-01  3.55423191e-01
2      3.55423193e-01  1.27389064e+00 -7.12146282e-01
3      3.55423193e-01 -7.12146285e-01  1.27389064e+00
--------------------------------------------------------------------------------

Im[Rot Density (Scalar)]: 
--------------------------------------------------------------------------------
     1               2               3               
1     -3.78962125e-11 -3.03408603e-09  2.98174808e-09
2     -1.53118695e-09  1.71797413e-09 -7.46237826e-10
3      1.70770847e-09  7.30361361e-10 -1.73385087e-09
--------------------------------------------------------------------------------

Re[Rot Density (Mz)]: 
--------------------------------------------------------------------------------
     1               2               3               
1     -1.17290768e-01 -8.89004583e-02 -8.89004631e-02
2      5.89108314e-02  7.51308426e-01 -6.53031743e-01
3      5.89108303e-02 -6.53031745e-01  7.51308430e-01
--------------------------------------------------------------------------------

Im[Rot Density (Mz)]: 
--------------------------------------------------------------------------------
     1               2               3               
1     -4.84659268e-02  1.60794111e-02  1.60794086e-02
2      1.60794063e-02 -7.18363346e-01  6.85976833e-01
3      1.60794137e-02  6.85976828e-01 -7.18363349e-01
--------------------------------------------------------------------------------

Re[Rot Density (My)]: 
--------------------------------------------------------------------------------
     1               2               3               
1      1.65874195e-01 -8.33124985e-02 -8.33124938e-02
2      1.25724234e-01 -1.06251057e+00  9.23526352e-01
3      1.25724241e-01  9.23526350e-01 -1.06251057e+00
--------------------------------------------------------------------------------

Im[Rot Density (My)]: 
--------------------------------------------------------------------------------
     1               2               3               
1      2.99245711e-11  2.85292099e-09 -3.01580825e-09
2     -1.74293884e-09  9.50161764e-10  8.02968058e-10
3      1.69952796e-09 -3.14573839e-09  1.75164803e-09
--------------------------------------------------------------------------------

Re[Rot Density (Mx)]: 
--------------------------------------------------------------------------------
     1               2               3               
1     -1.17290769e-01 -8.89004619e-02 -8.89004601e-02
2      5.89108295e-02  7.51308434e-01 -6.53031748e-01
3      5.89108321e-02 -6.53031748e-01  7.51308431e-01
--------------------------------------------------------------------------------

Im[Rot Density (Mx)]: 
--------------------------------------------------------------------------------
     1               2               3               
1      4.84659266e-02 -1.60794074e-02 -1.60794122e-02
2     -1.60794082e-02  7.18363341e-01 -6.85976827e-01
3     -1.60794114e-02 -6.85976828e-01  7.18363348e-01
--------------------------------------------------------------------------------
Alpha = 1.57079633e+00
Beta  = 1.57079633e+00
Gamma = 5.49778714e+00

Re[Rot Density (Scalar)]: 
--------------------------------------------------------------------------------
     1               2               3               
1      4.53509474e-01  3.55423196e-01  3.55423190e-01
2      3.55423197e-01  1.27389064e+00 -7.12146284e-01
3      3.55423190e-01 -7.12146283e-01  1.27389064e+00
--------------------------------------------------------------------------------

Im[Rot Density (Scalar)]: 
--------------------------------------------------------------------------------
     1               2               3               
1     -3.78983637e-11 -3.12625083e-09  3.07391644e-09
2     -2.47300071e-09  2.10357083e-09 -2.79658934e-10
3      2.64952586e-09  2.63781719e-10 -2.11944860e-09
--------------------------------------------------------------------------------

Re[Rot Density (Mz)]: 
--------------------------------------------------------------------------------
     1               2               3               
1     -1.17290769e-01 -8.89004625e-02 -8.89004601e-02
2      5.89108320e-02  7.51308433e-01 -6.53031749e-01
3      5.89108304e-02 -6.53031748e-01  7.51308432e-01
--------------------------------------------------------------------------------

Im[Rot Density (Mz)]: 
--------------------------------------------------------------------------------
     1               2               3               
1      4.84659266e-02 -1.60794073e-02 -1.60794124e-02
2     -1.60794113e-02  7.18363345e-01 -6.85976828e-01
3     -1.60794082e-02 -6.85976831e-01  7.18363347e-01
--------------------------------------------------------------------------------

Re[Rot Density (My)]: 
--------------------------------------------------------------------------------
     1               2               3               
1      1.65874196e-01 -8.33124988e-02 -8.33124936e-02
2      1.25724238e-01 -1.06251057e+00  9.23526353e-01
3      1.25724238e-01  9.23526355e-01 -1.06251057e+00
--------------------------------------------------------------------------------

Im[Rot Density (My)]: 
--------------------------------------------------------------------------------
     1               2               3               
1      2.99819481e-11  2.89846291e-09 -3.06138830e-09
2     -2.61026018e-09  1.56056971e-09  1.27208641e-09
3      2.56681208e-09 -3.61711877e-09  1.14357779e-09
--------------------------------------------------------------------------------

Re[Rot Density (Mx)]: 
--------------------------------------------------------------------------------
     1               2               3               
1      1.17290768e-01  8.89004589e-02  8.89004631e-02
2     -5.89108351e-02 -7.51308424e-01  6.53031745e-01
3     -5.89108273e-02  6.53031744e-01 -7.51308432e-01
--------------------------------------------------------------------------------

Im[Rot Density (Mx)]: 
--------------------------------------------------------------------------------
     1               2               3               
1      4.84659269e-02 -1.60794111e-02 -1.60794087e-02
2     -1.60794081e-02  7.18363349e-01 -6.85976833e-01
3     -1.60794118e-02 -6.85976831e-01  7.18363349e-01
--------------------------------------------------------------------------------
Alpha = 4.71238898e+00
Beta  = 1.57079633e+00
Gamma = 7.85398163e-01

Re[Rot Density (Scalar)]: 
--------------------------------------------------------------------------------
     1               2               3               
1      4.53509474e-01  3.55423194e-01  3.55423192e-01
2      3.55423194e-01  1.27389064e+00 -7.12146283e-01
3      3.55423192e-01 -7.12146284e-01  1.27389064e+00
--------------------------------------------------------------------------------

Im[Rot Density (Scalar)]: 
--------------------------------------------------------------------------------
     1               2               3               
1      3.78979787e-11  2.77355516e-09 -2.95008022e-09
2      2.82569629e-09 -2.10357069e-09  6.62069118e-11
3     -2.77336182e-09 -5.03293751e-11  2.11944844e-09
--------------------------------------------------------------------------------

Re[Rot Density (Mz)]: 
--------------------------------------------------------------------------------
     1               2               3               
1      1.17290768e-01  8.89004574e-02  8.89004640e-02
2     -5.89108325e-02 -7.51308424e-01  6.53031743e-01
3     -5.89108292e-02  6.53031745e-01 -7.51308432e-01
--------------------------------------------------------------------------------

Im[Rot Density (Mz)]: 
--------------------------------------------------------------------------------
     1               2               3               
1     -4.84659268e-02  1.60794104e-02  1.60794093e-02
2      1.60794060e-02 -7.18363345e-01  6.85976832e-01
3      1.60794138e-02  6.85976828e-01 -7.18363349e-01
--------------------------------------------------------------------------------

Re[Rot Density (My)]: 
--------------------------------------------------------------------------------
     1               2               3               
1      1.65874195e-01 -8.33124972e-02 -8.33124950e-02
2      1.25724235e-01 -1.06251057e+00  9.23526352e-01
3      1.25724240e-01  9.23526350e-01 -1.06251057e+00
--------------------------------------------------------------------------------

Im[Rot Density (My)]: 
--------------------------------------------------------------------------------
     1               2               3               
1     -1.20355949e-10 -2.60465995e-09  2.88213476e-09
2      2.37923345e-09 -1.52202395e-09 -1.01738874e-09
3     -2.40198198e-09  3.40676982e-09 -1.13777434e-09
--------------------------------------------------------------------------------

Re[Rot Density (Mx)]: 
--------------------------------------------------------------------------------
     1               2               3               
1     -1.17290769e-01 -8.89004613e-02 -8.89004608e-02
2      5.89108296e-02  7.51308434e-01 -6.53031748e-01
3      5.89108320e-02 -6.53031749e-01  7.51308432e-01
--------------------------------------------------------------------------------

Im[Rot Density (Mx)]: 
--------------------------------------------------------------------------------
     1               2               3               
1     -4.84659266e-02  1.60794063e-02  1.60794133e-02
2      1.60794097e-02 -7.18363342e-01  6.85976826e-01
3      1.60794099e-02  6.85976829e-01 -7.18363348e-01
--------------------------------------------------------------------------------
Alpha = 4.71238898e+00
Beta  = 1.57079633e+00
Gamma = 2.35619449e+00

Re[Rot Density (Scalar)]: 
--------------------------------------------------------------------------------
     1               2               3               
1      4.53509474e-01  3.55423195e-01  3.55423192e-01
2      3.55423198e-01  1.27389064e+00 -7.12146285e-01
3      3.55423189e-01 -7.12146282e-01  1.27389064e+00
--------------------------------------------------------------------------------

Im[Rot Density (Scalar)]: 
--------------------------------------------------------------------------------
     1               2               3               
1      3.78958523e-11  2.68139053e-09 -2.85791200e-09
2      1.88388242e-09 -1.71797415e-09  5.32785863e-10
3     -1.83154436e-09 -5.16909118e-10  1.73385084e-09
--------------------------------------------------------------------------------

Re[Rot Density (Mz)]: 
--------------------------------------------------------------------------------
     1               2               3               
1      1.17290769e-01  8.89004618e-02  8.89004607e-02
2     -5.89108334e-02 -7.51308432e-01  6.53031749e-01
3     -5.89108290e-02  6.53031747e-01 -7.51308433e-01
--------------------------------------------------------------------------------

Im[Rot Density (Mz)]: 
--------------------------------------------------------------------------------
     1               2               3               
1      4.84659267e-02 -1.60794063e-02 -1.60794134e-02
2     -1.60794115e-02  7.18363345e-01 -6.85976827e-01
3     -1.60794080e-02 -6.85976832e-01  7.18363348e-01
--------------------------------------------------------------------------------

Re[Rot Density (My)]: 
--------------------------------------------------------------------------------
     1               2               3               
1      1.65874196e-01 -8.33124975e-02 -8.33124949e-02
2      1.25724238e-01 -1.06251057e+00  9.23526353e-01
3      1.25724237e-01  9.23526354e-01 -1.06251057e+00
--------------------------------------------------------------------------------

Im[Rot Density (My)]: 
--------------------------------------------------------------------------------
     1               2               3               
1     -1.20298506e-10 -2.55911813e-09  2.83655491e-09
2      1.51191206e-09 -9.11615968e-10 -5.48270636e-10
3     -1.53469789e-09  2.93538954e-09 -1.74584464e-09
--------------------------------------------------------------------------------

Re[Rot Density (Mx)]: 
--------------------------------------------------------------------------------
     1               2               3               
1      1.17290768e-01  8.89004579e-02  8.89004641e-02
2     -5.89108350e-02 -7.51308423e-01  6.53031744e-01
3     -5.89108274e-02  6.53031745e-01 -7.51308432e-01
--------------------------------------------------------------------------------

Im[Rot Density (Mx)]: 
--------------------------------------------------------------------------------
     1               2               3               
1     -4.84659269e-02  1.60794103e-02  1.60794095e-02
2      1.60794092e-02 -7.18363349e-01  6.85976832e-01
3      1.60794106e-02  6.85976832e-01 -7.18363349e-01
--------------------------------------------------------------------------------
Alpha = 4.71238898e+00
Beta  = 1.57079633e+00
Gamma = 3.92699082e+00

Re[Rot Density (Scalar)]: 
--------------------------------------------------------------------------------
     1               2               3               
1      4.53509474e-01  3.55423195e-01  3.55423192e-01
2      3.55423197e-01  1.27389064e+00 -7.12146284e-01
3      3.55423190e-01 -7.12146282e-01  1.27389064e+00
--------------------------------------------------------------------------------

Im[Rot Density (Scalar)]: 
--------------------------------------------------------------------------------
     1               2               3               
1      6.50083180e-12  2.32746824e-09 -2.45254975e-09
2     -1.97247930e-09 -1.35038411e-10  2.44929422e-09
3      2.07625736e-09 -2.44657024e-09  1.37761890e-10
--------------------------------------------------------------------------------

Re[Rot Density (Mz)]: 
--------------------------------------------------------------------------------
     1               2               3               
1     -1.17290768e-01 -8.89004575e-02 -8.89004640e-02
2      5.89108314e-02  7.51308427e-01 -6.53031744e-01
3      5.89108302e-02 -6.53031748e-01  7.51308432e-01
--------------------------------------------------------------------------------

Im[Rot Density (Mz)]: 
--------------------------------------------------------------------------------
     1               2               3               
1      4.84659269e-02 -1.60794101e-02 -1.60794098e-02
2     -1.60794113e-02  7.18363350e-01 -6.85976832e-01
3     -1.60794084e-02 -6.85976832e-01  7.18363348e-01
--------------------------------------------------------------------------------

Re[Rot Density (My)]: 
--------------------------------------------------------------------------------
     1               2               3               
1      1.65874196e-01 -8.33124974e-02 -8.33124949e-02
2      1.25724238e-01 -1.06251057e+00  9.23526353e-01
3      1.25724238e-01  9.23526354e-01 -1.06251057e+00
--------------------------------------------------------------------------------

Im[Rot Density (My)]: 
--------------------------------------------------------------------------------
     1               2               3               
1      1.77289974e-10 -2.47103436e-09  2.54929966e-09
2     -2.15629590e-09  4.21850816e-09 -1.03753730e-09
3      1.94698649e-09 -1.43092276e-09 -1.63778875e-09
--------------------------------------------------------------------------------

Re[Rot Density (Mx)]: 
--------------------------------------------------------------------------------
     1               2               3               
1      1.17290768e-01  8.89004621e-02  8.89004609e-02
2     -5.89108356e-02 -7.51308428e-01  6.53031749e-01
3     -5.89108275e-02  6.53031745e-01 -7.51308433e-01
--------------------------------------------------------------------------------

Im[Rot Density (Mx)]: 
--------------------------------------------------------------------------------
     1               2               3               
1      4.84659266e-02 -1.60794065e-02 -1.60794130e-02
2     -1.60794082e-02  7.18363343e-01 -6.85976828e-01
3     -1.60794114e-02 -6.85976831e-01  7.18363350e-01
--------------------------------------------------------------------------------
Alpha = 4.71238898e+00
Beta  = 1.57079633e+00
Gamma = 5.49778714e+00

Re[Rot Density (Scalar)]: 
--------------------------------------------------------------------------------
     1               2               3               
1      4.53509474e-01  3.55423194e-01  3.55423192e-01
2      3.55423193e-01  1.27389064e+00 -7.12146282e-01
3      3.55423193e-01 -7.12146284e-01  1.27389064e+00
--------------------------------------------------------------------------------

Im[Rot Density (Scalar)]: 
--------------------------------------------------------------------------------
     1               2               3               
1      6.50301178e-12  2.41963308e-09 -2.54471806e-09
2     -1.03066546e-09 -5.20635136e-10  1.98271530e-09
3      1.13443991e-09 -1.97999056e-09  5.23359487e-10
--------------------------------------------------------------------------------

Re[Rot Density (Mz)]: 
--------------------------------------------------------------------------------
     1               2               3               
1     -1.17290769e-01 -8.89004616e-02 -8.89004609e-02
2      5.89108319e-02  7.51308430e-01 -6.53031747e-01
3      5.89108305e-02 -6.53031746e-01  7.51308431e-01
--------------------------------------------------------------------------------

Im[Rot Density (Mz)]: 
--------------------------------------------------------------------------------
     1               2               3               
1     -4.84659265e-02  1.60794066e-02  1.60794129e-02
2      1.60794064e-02 -7.18363340e-01  6.85976828e-01
3      1.60794134e-02  6.85976828e-01 -7.18363349e-01
--------------------------------------------------------------------------------

Re[Rot Density (My)]: 
--------------------------------------------------------------------------------
     1               2               3               
1      1.65874195e-01 -8.33124972e-02 -8.33124951e-02
2      1.25724234e-01 -1.06251057e+00  9.23526353e-01
3      1.25724241e-01  9.23526349e-01 -1.06251057e+00
--------------------------------------------------------------------------------

Im[Rot Density (My)]: 
--------------------------------------------------------------------------------
     1               2               3               
1      1.77232589e-10 -2.51657641e-09  2.59487965e-09
2     -1.28897453e-09  3.60810047e-09 -1.50665561e-09
3      1.07970234e-09 -9.59542443e-10 -1.02971845e-09
--------------------------------------------------------------------------------

Re[Rot Density (Mx)]: 
--------------------------------------------------------------------------------
     1               2               3               
1     -1.17290769e-01 -8.89004570e-02 -8.89004640e-02
2      5.89108289e-02  7.51308428e-01 -6.53031743e-01
3      5.89108320e-02 -6.53031748e-01  7.51308432e-01
--------------------------------------------------------------------------------

Im[Rot Density (Mx)]: 
--------------------------------------------------------------------------------
     1               2               3               
1      4.84659268e-02 -1.60794102e-02 -1.60794096e-02
2     -1.60794081e-02  7.18363346e-01 -6.85976831e-01
3     -1.60794116e-02 -6.85976829e-01  7.18363348e-01
--------------------------------------------------------------------------------
Alpha = 0.00000000e+00
Beta  = 0.00000000e+00
Gamma = 7.85398163e-01

Re[Rot Density (Scalar)]: 
--------------------------------------------------------------------------------
     1               2               3               
1      4.86174927e-01  3.28662399e-01  3.28662397e-01
2      3.28662401e-01  1.28073329e+00 -7.05303633e-01
3      3.28662395e-01 -7.05303631e-01  1.28073329e+00
--------------------------------------------------------------------------------

Im[Rot Density (Scalar)]: 
--------------------------------------------------------------------------------
     1               2               3               
1     -2.20333703e-15 -4.64109062e-10  3.53284549e-10
2     -1.22515108e-10  2.18767397e-10 -1.03367095e-10
3      2.33346482e-10  1.03366298e-10 -2.18768139e-10
--------------------------------------------------------------------------------

Re[Rot Density (Mz)]: 
--------------------------------------------------------------------------------
     1               2               3               
1     -1.91712289e-13 -5.22958421e-10  5.22912747e-10
2     -6.02626738e-10  8.35504199e-10  4.91700457e-11
3      6.02580288e-10 -5.09189515e-11 -8.33443430e-10
--------------------------------------------------------------------------------

Im[Rot Density (Mz)]: 
--------------------------------------------------------------------------------
     1               2               3               
1      4.69403847e-02 -1.55732818e-02 -1.55732881e-02
2     -1.55732867e-02  4.27005264e-01 -3.95638162e-01
3     -1.55732828e-02 -3.95638167e-01  4.27005265e-01
--------------------------------------------------------------------------------

Re[Rot Density (My)]: 
--------------------------------------------------------------------------------
     1               2               3               
1      2.74251897e-01  5.41207440e-03  5.41207562e-03
2      6.47103476e-02 -1.10791483e+00  8.78122093e-01
3      6.47103490e-02  8.78122093e-01 -1.10791483e+00
--------------------------------------------------------------------------------

Im[Rot Density (My)]: 
--------------------------------------------------------------------------------
     1               2               3               
1     -1.27940013e-11  4.24118653e-10 -3.46002961e-10
2     -4.01719244e-10  7.48991730e-11  3.69372926e-10
3      3.30423639e-10 -3.63734992e-10 -6.79142382e-11
--------------------------------------------------------------------------------

Re[Rot Density (Mx)]: 
--------------------------------------------------------------------------------
     1               2               3               
1      1.13598854e-01  8.61021749e-02  8.61021805e-02
2     -5.70565223e-02 -4.58913343e-01  3.63730079e-01
3     -5.70565159e-02  3.63730079e-01 -4.58913351e-01
--------------------------------------------------------------------------------

Im[Rot Density (Mx)]: 
--------------------------------------------------------------------------------
     1               2               3               
1      3.09560589e-11 -5.83578421e-10  6.06249483e-10
2      5.67672362e-10  1.55605056e-11 -5.90613152e-10
3     -6.06916318e-10  5.75157013e-10 -3.04590143e-11
--------------------------------------------------------------------------------
Alpha = 0.00000000e+00
Beta  = 0.00000000e+00
Gamma = 2.35619449e+00

Re[Rot Density (Scalar)]: 
--------------------------------------------------------------------------------
     1               2               3               
1      4.18649473e-01  3.83981842e-01  3.83981850e-01
2      3.83981854e-01  1.26658828e+00 -7.19448648e-01
3      3.83981838e-01 -7.19448635e-01  1.26658828e+00
--------------------------------------------------------------------------------

Im[Rot Density (Scalar)]: 
--------------------------------------------------------------------------------
     1               2               3               
1     -2.49687309e-15 -2.00668016e-09  1.88841036e-09
2     -1.64213672e-09  1.36073412e-09 -1.10311613e-10
3      1.76041415e-09  1.10310845e-10 -1.36073511e-09
--------------------------------------------------------------------------------

Re[Rot Density (Mz)]: 
--------------------------------------------------------------------------------
     1               2               3               
1     -1.98070401e-13 -3.52837495e-10  3.52784531e-10
2     -8.48371596e-10  8.96173216e-10  3.05810565e-10
3      8.48317745e-10 -3.16743440e-10 -8.84898640e-10
--------------------------------------------------------------------------------

Im[Rot Density (Mz)]: 
--------------------------------------------------------------------------------
     1               2               3               
1      5.00939586e-02 -1.66195311e-02 -1.66195443e-02
2     -1.66195364e-02  2.41409584e+00 -2.38062143e+00
3     -1.66195386e-02 -2.38062143e+00  2.41409585e+00
--------------------------------------------------------------------------------

Re[Rot Density (My)]: 
--------------------------------------------------------------------------------
     1               2               3               
1      5.02154063e-02 -1.77997804e-01 -1.77997813e-01
2      1.90837199e-01 -1.01405595e+00  9.71980990e-01
3      1.90837189e-01  9.71980990e-01 -1.01405594e+00
--------------------------------------------------------------------------------

Im[Rot Density (My)]: 
--------------------------------------------------------------------------------
     1               2               3               
1     -7.97043008e-11  1.94029289e-09 -1.90531090e-09
2     -1.87050821e-09  1.09706767e-10  1.54846047e-09
3      1.87814322e-09 -1.51323828e-09 -6.66316709e-11
--------------------------------------------------------------------------------

Re[Rot Density (Mx)]: 
--------------------------------------------------------------------------------
     1               2               3               
1      1.21230714e-01  9.18867347e-02  9.18867466e-02
2     -6.08897279e-02 -2.44814759e+00  2.34656968e+00
3     -6.08897141e-02  2.34656968e+00 -2.44814761e+00
--------------------------------------------------------------------------------

Im[Rot Density (Mx)]: 
--------------------------------------------------------------------------------
     1               2               3               
1      3.30868560e-11 -4.65724488e-10  4.89867911e-10
2      4.77553388e-10  1.68670650e-10 -2.89493003e-10
3     -5.19465100e-10  2.63864493e-10 -1.75344359e-10
--------------------------------------------------------------------------------
Alpha = 0.00000000e+00
Beta  = 0.00000000e+00
Gamma = 3.92699082e+00

Re[Rot Density (Scalar)]: 
--------------------------------------------------------------------------------
     1               2               3               
1      4.18649473e-01  3.83981854e-01  3.83981838e-01
2      3.83981842e-01  1.26658828e+00 -7.19448635e-01
3      3.83981850e-01 -7.19448648e-01  1.26658828e+00
--------------------------------------------------------------------------------

Im[Rot Density (Scalar)]: 
--------------------------------------------------------------------------------
     1               2               3               
1      2.09988190e-15  1.64213697e-09 -1.76041438e-09
2      2.00667971e-09 -1.36073396e-09 -1.10310854e-10
3     -1.88840989e-09  1.10311725e-10  1.36073505e-09
--------------------------------------------------------------------------------

Re[Rot Density (Mz)]: 
--------------------------------------------------------------------------------
     1               2               3               
1     -1.98128381e-13 -8.48371091e-10  8.48318080e-10
2     -3.52838011e-10  8.96174036e-10 -3.16744583e-10
3      3.52784002e-10  3.05809773e-10 -8.84897784e-10
--------------------------------------------------------------------------------

Im[Rot Density (Mz)]: 
--------------------------------------------------------------------------------
     1               2               3               
1     -5.00939586e-02  1.66195364e-02  1.66195386e-02
2      1.66195311e-02 -2.41409584e+00  2.38062143e+00
3      1.66195443e-02  2.38062143e+00 -2.41409585e+00
--------------------------------------------------------------------------------

Re[Rot Density (My)]: 
--------------------------------------------------------------------------------
     1               2               3               
1      5.02154055e-02 -1.77997817e-01 -1.77997801e-01
2      1.90837187e-01 -1.01405592e+00  9.71980982e-01
3      1.90837202e-01  9.71980981e-01 -1.01405594e+00
--------------------------------------------------------------------------------

Im[Rot Density (My)]: 
--------------------------------------------------------------------------------
     1               2               3               
1     -7.97557365e-11 -1.66033065e-09  1.69536502e-09
2      1.70131108e-09 -4.16945241e-11 -1.25660122e-09
3     -1.69364644e-09  1.29962965e-09  7.68715886e-11
--------------------------------------------------------------------------------

Re[Rot Density (Mx)]: 
--------------------------------------------------------------------------------
     1               2               3               
1     -1.21230714e-01 -9.18867381e-02 -9.18867410e-02
2      6.08897210e-02  2.44814760e+00 -2.34656968e+00
3      6.08897187e-02 -2.34656968e+00  2.44814760e+00
--------------------------------------------------------------------------------

Im[Rot Density (Mx)]: 
--------------------------------------------------------------------------------
     1               2               3               
1     -3.29633915e-11 -9.84967769e-10  9.60730310e-10
2      1.04267735e-09  1.96843098e-10 -8.83441872e-10
3     -1.00086904e-09  8.90223788e-10 -1.71102026e-10
--------------------------------------------------------------------------------
Alpha = 0.00000000e+00
Beta  = 0.00000000e+00
Gamma = 5.49778714e+00

Re[Rot Density (Scalar)]: 
--------------------------------------------------------------------------------
     1               2               3               
1      4.86174927e-01  3.28662401e-01  3.28662395e-01
2      3.28662399e-01  1.28073329e+00 -7.05303631e-01
3      3.28662397e-01 -7.05303633e-01  1.28073329e+00
--------------------------------------------------------------------------------

Im[Rot Density (Scalar)]: 
--------------------------------------------------------------------------------
     1               2               3               
1      1.84530623e-15  1.22515221e-10 -2.33346354e-10
2      4.64109026e-10 -2.18767284e-10 -1.03366260e-10
3     -3.53284355e-10  1.03367140e-10  2.18768220e-10
--------------------------------------------------------------------------------

Re[Rot Density (Mz)]: 
--------------------------------------------------------------------------------
     1               2               3               
1     -1.91649678e-13 -6.02626197e-10  6.02580605e-10
2     -5.22958917e-10  8.35504402e-10 -5.09193863e-11
3      5.22912383e-10  4.91700633e-11 -8.33443210e-10
--------------------------------------------------------------------------------

Im[Rot Density (Mz)]: 
--------------------------------------------------------------------------------
     1               2               3               
1     -4.69403847e-02  1.55732867e-02  1.55732828e-02
2      1.55732818e-02 -4.27005264e-01  3.95638167e-01
3      1.55732881e-02  3.95638162e-01 -4.27005265e-01
--------------------------------------------------------------------------------

Re[Rot Density (My)]: 
--------------------------------------------------------------------------------
     1               2               3               
1      2.74251896e-01  5.41207173e-03  5.41207729e-03
2      6.47103462e-02 -1.10791483e+00  8.78122092e-01
3      6.47103511e-02  8.78122092e-01 -1.10791483e+00
--------------------------------------------------------------------------------

Im[Rot Density (My)]: 
--------------------------------------------------------------------------------
     1               2               3               
1     -1.28431251e-11 -1.17346589e-10  1.95509811e-10
2      1.12755216e-10 -6.39647645e-11 -1.49497620e-10
3     -1.84022029e-10  1.56440695e-10  6.95605361e-11
--------------------------------------------------------------------------------

Re[Rot Density (Mx)]: 
--------------------------------------------------------------------------------
     1               2               3               
1     -1.13598856e-01 -8.61021794e-02 -8.61021759e-02
2      5.70565172e-02  4.58913354e-01 -3.63730082e-01
3      5.70565203e-02 -3.63730082e-01  4.58913349e-01
--------------------------------------------------------------------------------

Im[Rot Density (Mx)]: 
--------------------------------------------------------------------------------
     1               2               3               
1     -3.09362334e-11 -6.85463385e-10  6.62799300e-10
2      7.12549451e-10  4.19584840e-11 -6.63896944e-10
3     -6.73343882e-10  6.78812714e-10 -2.64846981e-11
--------------------------------------------------------------------------------
Alpha = 0.00000000e+00
Beta  = 3.14159265e+00
Gamma = 7.85398163e-01

Re[Rot Density (Scalar)]: 
--------------------------------------------------------------------------------
     1               2               3               
1      4.86174927e-01  3.28662399e-01  3.28662397e-01
2      3.28662399e-01  1.28073329e+00 -7.05303632e-01
3      3.28662397e-01 -7.05303632e-01  1.28073329e+00
--------------------------------------------------------------------------------

Im[Rot Density (Scalar)]: 
--------------------------------------------------------------------------------
     1               2               3               
1     -2.21353660e-16 -4.11820233e-10  3.00992375e-10
2      4.11820289e-10  6.20275485e-17 -3.68079455e-10
3     -3.00992284e-10  3.68079479e-10  7.14902809e-17
--------------------------------------------------------------------------------

Re[Rot Density (Mz)]: 
--------------------------------------------------------------------------------
     1               2               3               
1      3.39101963e-16  5.85459402e-10 -5.85220982e-10
2     -5.85459486e-10 -9.22088834e-17  5.94055367e-10
3      5.85221009e-10 -5.94055509e-10  1.86201578e-17
--------------------------------------------------------------------------------

Im[Rot Density (Mz)]: 
--------------------------------------------------------------------------------
     1               2               3               
1     -4.69403842e-02  1.55732819e-02  1.55732877e-02
2      1.55732819e-02 -4.27005258e-01  3.95638163e-01
3      1.55732877e-02  3.95638163e-01 -4.27005267e-01
--------------------------------------------------------------------------------

Re[Rot Density (My)]: 
--------------------------------------------------------------------------------
     1               2               3               
1      2.74251897e-01  5.41207445e-03  5.41207560e-03
2      6.47103457e-02 -1.10791483e+00  8.78122093e-01
3      6.47103509e-02  8.78122090e-01 -1.10791483e+00
--------------------------------------------------------------------------------

Im[Rot Density (My)]: 
--------------------------------------------------------------------------------
     1               2               3               
1     -1.28498833e-11  4.16984991e-10 -3.38832815e-10
2      6.04685819e-11 -3.28674705e-10  6.92729533e-11
3     -1.31727786e-10 -6.23242774e-11  3.34276105e-10
--------------------------------------------------------------------------------

Re[Rot Density (Mx)]: 
--------------------------------------------------------------------------------
     1               2               3               
1     -1.13598855e-01 -8.61021740e-02 -8.61021803e-02
2      5.70565166e-02  4.58913348e-01 -3.63730077e-01
3      5.70565202e-02 -3.63730082e-01  4.58913350e-01
--------------------------------------------------------------------------------

Im[Rot Density (Mx)]: 
--------------------------------------------------------------------------------
     1               2               3               
1     -3.10217786e-11  5.02500342e-10 -5.25124126e-10
2      6.50174504e-10 -7.93491037e-10 -1.88671442e-11
3     -6.10909536e-10  3.56424071e-11  8.07013677e-10
--------------------------------------------------------------------------------
Alpha = 0.00000000e+00
Beta  = 3.14159265e+00
Gamma = 2.35619449e+00

Re[Rot Density (Scalar)]: 
--------------------------------------------------------------------------------
     1               2               3               
1      4.18649473e-01  3.83981841e-01  3.83981851e-01
2      3.83981841e-01  1.26658829e+00 -7.19448642e-01
3      3.83981851e-01 -7.19448642e-01  1.26658828e+00
--------------------------------------------------------------------------------

Im[Rot Density (Scalar)]: 
--------------------------------------------------------------------------------
     1               2               3               
1     -2.68349535e-16 -1.68143533e-09  1.56316179e-09
2      1.68143566e-09  3.60364870e-16 -1.75682339e-09
3     -1.56316197e-09  1.75682325e-09 -6.86719526e-17
--------------------------------------------------------------------------------

Re[Rot Density (Mz)]: 
--------------------------------------------------------------------------------
     1               2               3               
1      5.19845503e-16  4.19535398e-10 -4.19280742e-10
2     -4.19535261e-10  2.78164325e-16  3.76094833e-10
3      4.19280879e-10 -3.76095820e-10  2.78164325e-16
--------------------------------------------------------------------------------

Im[Rot Density (Mz)]: 
--------------------------------------------------------------------------------
     1               2               3               
1     -5.00939587e-02  1.66195314e-02  1.66195440e-02
2      1.66195314e-02 -2.41409583e+00  2.38062142e+00
3      1.66195440e-02  2.38062142e+00 -2.41409585e+00
--------------------------------------------------------------------------------

Re[Rot Density (My)]: 
--------------------------------------------------------------------------------
     1               2               3               
1      5.02154062e-02 -1.77997803e-01 -1.77997814e-01
2      1.90837186e-01 -1.01405593e+00  9.71980987e-01
3      1.90837203e-01  9.71980975e-01 -1.01405594e+00
--------------------------------------------------------------------------------

Im[Rot Density (My)]: 
--------------------------------------------------------------------------------
     1               2               3               
1     -7.97635256e-11  1.66323723e-09 -1.62821551e-09
2      1.37606957e-09 -1.68820348e-09  1.04137024e-10
3     -1.36839607e-09 -6.11015219e-11  1.72338630e-09
--------------------------------------------------------------------------------

Re[Rot Density (Mx)]: 
--------------------------------------------------------------------------------
     1               2               3               
1     -1.21230715e-01 -9.18867334e-02 -9.18867468e-02
2      6.08897211e-02  2.44814758e+00 -2.34656966e+00
3      6.08897193e-02 -2.34656967e+00  2.44814760e+00
--------------------------------------------------------------------------------

Im[Rot Density (Mx)]: 
--------------------------------------------------------------------------------
     1               2               3               
1     -3.30391776e-11  2.82818222e-10 -3.06989001e-10
2      9.76104072e-10 -6.99276403e-10 -1.90547928e-10
3     -9.34248173e-10  2.08372872e-10  7.13850487e-10
--------------------------------------------------------------------------------
Alpha = 0.00000000e+00
Beta  = 3.14159265e+00
Gamma = 3.92699082e+00

Re[Rot Density (Scalar)]: 
--------------------------------------------------------------------------------
     1               2               3               
1      4.18649473e-01  3.83981856e-01  3.83981836e-01
2      3.83981856e-01  1.26658828e+00 -7.19448642e-01
3      3.83981836e-01 -7.19448642e-01  1.26658829e+00
--------------------------------------------------------------------------------

Im[Rot Density (Scalar)]: 
--------------------------------------------------------------------------------
     1               2               3               
1     -1.68801306e-16  1.31689233e-09 -1.43516594e-09
2     -1.31689266e-09 -1.65438991e-16  1.53620120e-09
3      1.43516622e-09 -1.53620073e-09 -2.18889123e-17
--------------------------------------------------------------------------------

Re[Rot Density (Mz)]: 
--------------------------------------------------------------------------------
     1               2               3               
1      3.24825352e-16  9.15069056e-10 -9.14814227e-10
2     -9.15068856e-10  4.25891083e-16  9.98648827e-10
3      9.14814592e-10 -9.98649973e-10  2.60229366e-16
--------------------------------------------------------------------------------

Im[Rot Density (Mz)]: 
--------------------------------------------------------------------------------
     1               2               3               
1      5.00939585e-02 -1.66195361e-02 -1.66195388e-02
2     -1.66195361e-02  2.41409586e+00 -2.38062144e+00
3     -1.66195388e-02 -2.38062144e+00  2.41409586e+00
--------------------------------------------------------------------------------

Re[Rot Density (My)]: 
--------------------------------------------------------------------------------
     1               2               3               
1      5.02154056e-02 -1.77997818e-01 -1.77997799e-01
2      1.90837201e-01 -1.01405594e+00  9.71980984e-01
3      1.90837189e-01  9.71980996e-01 -1.01405594e+00
--------------------------------------------------------------------------------

Im[Rot Density (My)]: 
--------------------------------------------------------------------------------
     1               2               3               
1     -7.96965916e-11 -1.38327509e-09  1.41826980e-09
2     -1.54526653e-09  1.75621533e-09  1.87722522e-10
3      1.55289285e-09 -1.52506725e-10 -1.71314706e-09
--------------------------------------------------------------------------------

Re[Rot Density (Mx)]: 
--------------------------------------------------------------------------------
     1               2               3               
1      1.21230713e-01  9.18867393e-02  9.18867408e-02
2     -6.08897278e-02 -2.44814760e+00  2.34656969e+00
3     -6.08897135e-02  2.34656969e+00 -2.44814761e+00
--------------------------------------------------------------------------------

Im[Rot Density (Mx)]: 
--------------------------------------------------------------------------------
     1               2               3               
1      3.30111515e-11  8.02061544e-10 -7.77851355e-10
2      4.10980289e-10 -7.27447560e-10  4.03399947e-10
3     -4.52844283e-10 -4.17987569e-10  7.09609024e-10
--------------------------------------------------------------------------------
Alpha = 0.00000000e+00
Beta  = 3.14159265e+00
Gamma = 5.49778714e+00

Re[Rot Density (Scalar)]: 
--------------------------------------------------------------------------------
     1               2               3               
1      4.86174927e-01  3.28662402e-01  3.28662395e-01
2      3.28662402e-01  1.28073329e+00 -7.05303632e-01
3      3.28662395e-01 -7.05303632e-01  1.28073329e+00
--------------------------------------------------------------------------------

Im[Rot Density (Scalar)]: 
--------------------------------------------------------------------------------
     1               2               3               
1     -1.65135329e-16  7.02262980e-11 -1.81054170e-10
2     -7.02264037e-11  5.76907949e-17  1.61346087e-10
3      1.81054385e-10 -1.61345969e-10 -2.27045720e-17
--------------------------------------------------------------------------------

Re[Rot Density (Mz)]: 
--------------------------------------------------------------------------------
     1               2               3               
1      5.01461334e-16  6.65127265e-10 -6.64888719e-10
2     -6.65127407e-10 -9.15236844e-17  6.94144443e-10
3      6.64888945e-10 -6.94144575e-10 -1.64633919e-16
--------------------------------------------------------------------------------

Im[Rot Density (Mz)]: 
--------------------------------------------------------------------------------
     1               2               3               
1      4.69403851e-02 -1.55732866e-02 -1.55732832e-02
2     -1.55732866e-02  4.27005269e-01 -3.95638167e-01
3     -1.55732832e-02 -3.95638167e-01  4.27005264e-01
--------------------------------------------------------------------------------

Re[Rot Density (My)]: 
--------------------------------------------------------------------------------
     1               2               3               
1      2.74251896e-01  5.41207168e-03  5.41207730e-03
2      6.47103481e-02 -1.10791483e+00  8.78122092e-01
3      6.47103492e-02  8.78122094e-01 -1.10791483e+00
--------------------------------------------------------------------------------

Im[Rot Density (My)]: 
--------------------------------------------------------------------------------
     1               2               3               
1     -1.27872263e-11 -1.10212835e-10  1.88339648e-10
2     -3.49432659e-10  3.39609090e-10  1.50602319e-10
3      2.78129406e-10 -1.44970086e-10 -3.32629720e-10
--------------------------------------------------------------------------------

Re[Rot Density (Mx)]: 
--------------------------------------------------------------------------------
     1               2               3               
1      1.13598855e-01  8.61021803e-02  8.61021761e-02
2     -5.70565230e-02 -4.58913349e-01  3.63730083e-01
3     -5.70565160e-02  3.63730078e-01 -4.58913350e-01
--------------------------------------------------------------------------------

Im[Rot Density (Mx)]: 
--------------------------------------------------------------------------------
     1               2               3               
1      3.08703410e-11  6.04385327e-10 -5.81673964e-10
2      5.05297448e-10 -8.19888953e-10  5.44165862e-11
3     -5.44481938e-10 -6.80132319e-11  8.03039298e-10
--------------------------------------------------------------------------------
  PHF <S²> = 7.5000000000000089e-01
    *** Damping Disabled After 1.0000000000000001e-01 Converged Met ***
  SCFIt: 1      -1.346921740388969502       -1.0941684e-02   1.2947987e-02
SCF Failed to converge within MAXITER iterations
Job terminated: Tue Feb 14 09:00:27 2017

