================================================================================
Self Consistent Field (SCF) Settings:

  SCF Type:                           Complex Generalized Hartree-Fock
  Density Convergence Tolerence:      1.000000e-02
  Energy Convergence Tolerence:       1.000000e-10
  Maximum Number of SCF Cycles:       1
  Integral Contraction Algorithm:     In-Core (BTAS)
  Incremental Fock Build?             No
  Initial Guess:                      Random
  DIIS Extrapolation Algorithm:       CDIIS
  Damping Parameter:                  7.0000e-01

--------------------------------------------------------------------------------
SCF Iteration   Energy (Eh)       ΔE (Eh)          |ΔP|             
-------------   -----------       -------           ----              
    *** INITIAL GUESS ENERGY = -1.0894e+00 Eh ***
Using LebedevTrap Grid = (6,4)
Doing PHF Incremental Fock Build
Alpha = 0.0000e+00
Beta  = 1.5708e+00
Gamma = 7.8540e-01

Re[Rot Density (Scalar)]: 
--------------------------------------------------------------------------------
     1               2               3               
1      6.64975368e-01 -1.18381623e-01  3.42190679e-01
2     -5.73659685e-02  1.26886223e+00 -4.24552371e-01
3      4.23748784e-01 -5.85333295e-01  1.27453394e+00
--------------------------------------------------------------------------------

Im[Rot Density (Scalar)]: 
--------------------------------------------------------------------------------
     1               2               3               
1     -2.11990849e-01 -1.58401477e-01  4.77409815e-01
2      3.70967390e-01  1.75206273e-02 -4.92420028e-01
3     -1.99773408e-01  1.50797649e-01  1.20702555e-01
--------------------------------------------------------------------------------

Re[Rot Density (Mz)]: 
--------------------------------------------------------------------------------
     1               2               3               
1     -3.52459925e-02 -1.72598049e-01  8.00874181e-02
2     -2.65755368e-01  9.41195866e-01 -3.37141277e-01
3      3.77369775e-01 -2.88580373e-01 -3.76292492e-01
--------------------------------------------------------------------------------

Im[Rot Density (Mz)]: 
--------------------------------------------------------------------------------
     1               2               3               
1      3.29746929e-02 -7.26626345e-02  9.84980963e-02
2     -6.32558235e-02  6.05630443e-02  3.28641683e-02
3     -7.85913181e-01  1.95391015e-01  7.47415121e-01
--------------------------------------------------------------------------------

Re[Rot Density (My)]: 
--------------------------------------------------------------------------------
     1               2               3               
1     -4.13029077e-01  3.86552221e-01 -1.21795820e-01
2      2.27874807e-02  2.90696761e-01 -3.12583762e-01
3      4.63682979e-02 -6.21271355e-01  7.16688601e-01
--------------------------------------------------------------------------------

Im[Rot Density (My)]: 
--------------------------------------------------------------------------------
     1               2               3               
1      7.38763898e-01 -6.62976548e-01 -5.89071598e-01
2     -6.72592714e-02  1.04588059e+00 -3.00829769e-01
3      1.57015310e-01 -4.25598060e-01  7.42573947e-01
--------------------------------------------------------------------------------

Re[Rot Density (Mx)]: 
--------------------------------------------------------------------------------
     1               2               3               
1     -4.38735433e-01  5.81562132e-01 -4.97270941e-02
2     -9.02676459e-02 -1.29797077e+00  4.91915547e-01
3      4.78667993e-01  4.44095507e-01 -3.66583725e-01
--------------------------------------------------------------------------------

Im[Rot Density (Mx)]: 
--------------------------------------------------------------------------------
     1               2               3               
1     -5.73932559e-01  5.46663512e-01 -9.17311085e-01
2     -3.59837362e-01  2.15769884e-01  3.99104097e-01
3      8.59281317e-01 -5.13495035e-01  8.71912717e-02
--------------------------------------------------------------------------------
Alpha = 0.00000000e+00
Beta  = 1.57079633e+00
Gamma = 2.35619449e+00

Re[Rot Density (Scalar)]: 
--------------------------------------------------------------------------------
     1               2               3               
1      3.57183775e-01 -2.01322778e-02  6.90480463e-01
2     -5.31893065e-02  1.24031683e+00 -4.45101120e-01
3      7.42213037e-01 -6.07165490e-01  1.25002632e+00
--------------------------------------------------------------------------------

Im[Rot Density (Scalar)]: 
--------------------------------------------------------------------------------
     1               2               3               
1     -2.16959681e-02 -4.78167570e-01  5.54496819e-01
2      4.35772634e-01  2.72060376e-02 -7.09453470e-01
3     -5.40349205e-01  6.27458130e-01  4.92237241e-02
--------------------------------------------------------------------------------

Re[Rot Density (Mz)]: 
--------------------------------------------------------------------------------
     1               2               3               
1      2.24788474e-02 -5.68586368e-02 -4.34009947e-01
2     -2.92969339e-01  1.07033806e+00 -4.37966518e-01
3      3.48022038e-01 -3.96504690e-01  1.57023376e-01
--------------------------------------------------------------------------------

Im[Rot Density (Mz)]: 
--------------------------------------------------------------------------------
     1               2               3               
1      4.34813019e-02 -3.54123889e-01  1.14552741e-01
2      7.78016200e-03  2.27279110e-02  1.60525199e-01
3     -1.14010934e+00  6.60361957e-01  7.87510745e-01
--------------------------------------------------------------------------------

Re[Rot Density (My)]: 
--------------------------------------------------------------------------------
     1               2               3               
1     -3.71422989e-02 -1.07902020e-01  1.99607757e-01
2      2.23831086e-01  1.00431053e-01 -1.85398423e-01
3     -4.18784727e-01 -1.78557470e-01  4.33043182e-01
--------------------------------------------------------------------------------

Im[Rot Density (My)]: 
--------------------------------------------------------------------------------
     1               2               3               
1      9.78727055e-01 -7.15122733e-01  1.12977647e-02
2     -3.33727160e-01  8.33605929e-01 -2.37507972e-01
3      1.28704062e-01 -1.55438939e-01  2.41762525e-01
--------------------------------------------------------------------------------

Re[Rot Density (Mx)]: 
--------------------------------------------------------------------------------
     1               2               3               
1     -4.34703379e-01  5.80042996e-01 -1.99365299e-01
2      2.72668502e-02 -1.09059787e+00  2.80611927e-01
3      5.82008052e-01  2.27983153e-01 -1.22869648e-01
--------------------------------------------------------------------------------

Im[Rot Density (Mx)]: 
--------------------------------------------------------------------------------
     1               2               3               
1     -2.42149499e-01  7.57978150e-02 -1.15204081e+00
2     -2.78604429e-01  1.91934612e-02  6.82025423e-01
3      6.58102268e-01 -8.64037800e-02  3.03259596e-01
--------------------------------------------------------------------------------
Alpha = 0.00000000e+00
Beta  = 1.57079633e+00
Gamma = 3.92699082e+00

Re[Rot Density (Scalar)]: 
--------------------------------------------------------------------------------
     1               2               3               
1      7.11643089e-01 -2.46777673e-01  4.17637343e-01
2     -2.09847930e-01  1.28368484e+00 -4.40071383e-01
3      4.04062590e-01 -3.36112761e-01  1.20878180e+00
--------------------------------------------------------------------------------

Im[Rot Density (Scalar)]: 
--------------------------------------------------------------------------------
     1               2               3               
1     -5.55298382e-02 -3.77835040e-01  5.04075820e-01
2      4.97688388e-01 -2.80179458e-02 -5.72655016e-01
3     -4.00686430e-01  5.62249608e-01 -2.21226925e-02
--------------------------------------------------------------------------------

Re[Rot Density (Mz)]: 
--------------------------------------------------------------------------------
     1               2               3               
1      3.47654936e-01 -2.92005510e-01 -1.04608452e-01
2     -2.15583250e-01  1.09253374e+00 -3.79781649e-01
3     -3.26031501e-02 -1.26503575e-01 -2.30652806e-01
--------------------------------------------------------------------------------

Im[Rot Density (Mz)]: 
--------------------------------------------------------------------------------
     1               2               3               
1      5.06349188e-02 -3.16807154e-01  7.67583192e-01
2     -8.91378303e-02 -1.39873451e-01  2.00675451e-02
3     -1.00772660e+00  7.15899614e-01  1.54883371e-01
--------------------------------------------------------------------------------

Re[Rot Density (My)]: 
--------------------------------------------------------------------------------
     1               2               3               
1     -1.58699099e-01 -1.43813247e-01  5.70900977e-01
2      1.80146600e-01 -1.15856968e-01  4.76553321e-02
3     -3.70952827e-01  1.43531660e-01 -2.12123711e-01
--------------------------------------------------------------------------------

Im[Rot Density (My)]: 
--------------------------------------------------------------------------------
     1               2               3               
1      7.00970158e-01 -2.38242483e-01  4.29225057e-04
2     -4.76415171e-01  9.37072459e-01 -3.26737399e-01
3      2.13944387e-01 -5.03551755e-01  3.98227709e-01
--------------------------------------------------------------------------------

Re[Rot Density (Mx)]: 
--------------------------------------------------------------------------------
     1               2               3               
1     -1.14137374e-01  5.39866153e-02  5.19659646e-03
2      2.51580673e-01 -1.19935056e+00  3.02137915e-01
3      1.42348799e-01  6.34567512e-01 -1.06537241e-01
--------------------------------------------------------------------------------

Im[Rot Density (Mx)]: 
--------------------------------------------------------------------------------
     1               2               3               
1      1.01646899e-01  4.88862566e-02 -1.02165562e+00
2     -4.47908630e-01 -1.55434758e-01  7.50972523e-01
3      4.62027937e-01  1.33609541e-01  4.01075908e-01
--------------------------------------------------------------------------------
Alpha = 0.00000000e+00
Beta  = 1.57079633e+00
Gamma = 5.49778714e+00

Re[Rot Density (Scalar)]: 
--------------------------------------------------------------------------------
     1               2               3               
1      9.11885268e-01 -3.30244158e-01  2.14809977e-01
2     -1.74072048e-01  1.29240809e+00 -4.45618775e-01
3      1.82672522e-01 -2.78660460e-01  1.20834149e+00
--------------------------------------------------------------------------------

Im[Rot Density (Scalar)]: 
--------------------------------------------------------------------------------
     1               2               3               
1     -1.78624106e-01 -1.53567804e-01  4.33044749e-01
2      4.66143801e-01 -2.91167806e-02 -4.35277758e-01
3     -1.89941504e-01  2.05188010e-01  4.60906870e-02
--------------------------------------------------------------------------------

Re[Rot Density (Mz)]: 
--------------------------------------------------------------------------------
     1               2               3               
1      2.16214570e-01 -4.16934490e-01  2.38984343e-01
2     -1.69143894e-01  9.32991011e-01 -2.69817348e-01
3      3.50353387e-02  4.51405295e-02 -6.04509482e-01
--------------------------------------------------------------------------------

Im[Rot Density (Mz)]: 
--------------------------------------------------------------------------------
     1               2               3               
1      2.16828086e-02 -1.03136657e-01  6.48135272e-01
2     -1.80356535e-01 -1.39219890e-01  1.30147287e-02
3     -6.88390737e-01  3.80895324e-01  1.73506066e-01
--------------------------------------------------------------------------------

Re[Rot Density (My)]: 
--------------------------------------------------------------------------------
     1               2               3               
1     -4.71259844e-01  2.91426523e-01  2.25930698e-01
2     -4.70213975e-02 -2.89855382e-02 -1.51979099e-03
3      8.72253748e-02 -2.05487512e-01  7.08220842e-02
--------------------------------------------------------------------------------

Im[Rot Density (My)]: 
--------------------------------------------------------------------------------
     1               2               3               
1      5.68637076e-01 -1.98420666e-01 -5.25974674e-01
2     -3.17636377e-01  1.30023621e+00 -4.37140437e-01
3      2.77457316e-01 -8.46575688e-01  8.31484093e-01
--------------------------------------------------------------------------------

Re[Rot Density (Mx)]: 
--------------------------------------------------------------------------------
     1               2               3               
1     -2.15650886e-01  8.66801958e-02  1.16601780e-01
2      1.89050974e-01 -1.55520496e+00  5.60733838e-01
3      1.15834659e-01  8.96614584e-01 -3.92513604e-01
--------------------------------------------------------------------------------

Im[Rot Density (Mx)]: 
--------------------------------------------------------------------------------
     1               2               3               
1     -2.53390194e-01  4.64982140e-01 -8.63376499e-01
2     -5.23007029e-01 -5.76666391e-02  5.92960010e-01
3      6.80592254e-01 -1.95007245e-01  1.55810148e-01
--------------------------------------------------------------------------------
Alpha = 3.14159265e+00
Beta  = 1.57079633e+00
Gamma = 7.85398163e-01

Re[Rot Density (Scalar)]: 
--------------------------------------------------------------------------------
     1               2               3               
1      5.33999180e-01 -3.82717308e-01  8.70376568e-01
2     -5.01845469e-01  1.53049347e+00 -5.20649871e-01
3      8.48455897e-01 -5.56228898e-01  1.05595905e+00
--------------------------------------------------------------------------------

Im[Rot Density (Scalar)]: 
--------------------------------------------------------------------------------
     1               2               3               
1      2.54168710e-01  1.63770741e-01 -3.07009223e-01
2      6.45181261e-01 -3.51266260e-01 -1.39738104e-01
3     -9.86891612e-01  4.23145106e-01  1.97159984e-01
--------------------------------------------------------------------------------

Re[Rot Density (Mz)]: 
--------------------------------------------------------------------------------
     1               2               3               
1      3.73355792e-01 -3.37243744e-01  4.66473945e-02
2     -8.49004818e-02  2.16318640e+00 -1.62422151e+00
3     -3.59091407e-01 -1.02866810e+00  1.07848991e+00
--------------------------------------------------------------------------------

Im[Rot Density (Mz)]: 
--------------------------------------------------------------------------------
     1               2               3               
1     -1.42174200e+00 -1.52197984e-01  1.12480743e+00
2      1.03357435e+00 -3.44066019e-01 -3.63924537e-01
3     -9.07610110e-01  6.66511956e-01 -5.92282479e-02
--------------------------------------------------------------------------------

Re[Rot Density (My)]: 
--------------------------------------------------------------------------------
     1               2               3               
1     -5.40525934e-01 -7.07031761e-01  1.31212215e+00
2      1.09145902e+00 -7.03525960e-01 -8.62628269e-02
3     -8.49724383e-01  1.09601931e+00 -7.00450724e-01
--------------------------------------------------------------------------------

Im[Rot Density (My)]: 
--------------------------------------------------------------------------------
     1               2               3               
1     -1.11486645e+00  1.33074303e+00 -2.67211759e-01
2     -2.47769946e-01 -2.09404438e+00  1.45986989e+00
3      1.35951069e+00  4.41893836e-01 -1.67136995e+00
--------------------------------------------------------------------------------

Re[Rot Density (Mx)]: 
--------------------------------------------------------------------------------
     1               2               3               
1      1.34736597e+00 -1.27673888e+00  3.46785439e-01
2     -1.47099725e-01  1.55070287e+00 -6.15294687e-01
3     -6.21795499e-01 -1.71634262e-01  1.07842020e-02
--------------------------------------------------------------------------------

Im[Rot Density (Mx)]: 
--------------------------------------------------------------------------------
     1               2               3               
1      1.62422631e-01 -5.04357763e-01  1.34792502e+00
2      3.93658676e-01 -8.99762967e-01  3.80509853e-01
3     -9.70478365e-01  1.34778633e+00 -1.11532809e+00
--------------------------------------------------------------------------------
Alpha = 3.14159265e+00
Beta  = 1.57079633e+00
Gamma = 2.35619449e+00

Re[Rot Density (Scalar)]: 
--------------------------------------------------------------------------------
     1               2               3               
1      7.36386536e-01 -5.89305076e-02  3.75949358e-01
2     -1.92814930e-01  1.25722815e+00 -4.28921775e-01
3      3.17769625e-01 -4.33151933e-01  1.21495861e+00
--------------------------------------------------------------------------------

Im[Rot Density (Scalar)]: 
--------------------------------------------------------------------------------
     1               2               3               
1      3.23221401e-01 -3.39919343e-01 -3.45744475e-02
2      2.26874354e-01 -7.66042875e-02 -9.84914672e-02
3     -6.91281591e-01  4.86157082e-01 -2.25856387e-02
--------------------------------------------------------------------------------

Re[Rot Density (Mz)]: 
--------------------------------------------------------------------------------
     1               2               3               
1      1.22065165e-01 -3.05006737e-02 -3.00083019e-01
2     -2.28235438e-01  1.55350464e+00 -9.10644706e-01
3     -4.59772819e-02 -6.12939140e-01  6.48983788e-01
--------------------------------------------------------------------------------

Im[Rot Density (Mz)]: 
--------------------------------------------------------------------------------
     1               2               3               
1     -6.95298900e-01 -4.29464319e-01  7.64596917e-01
2      6.76153930e-01 -1.21246299e-02 -2.79942464e-01
3     -8.30987857e-01  5.68850758e-01  2.08002326e-02
--------------------------------------------------------------------------------

Re[Rot Density (My)]: 
--------------------------------------------------------------------------------
     1               2               3               
1     -5.93278397e-01  1.64083285e-03  2.98488372e-01
2      4.60991089e-01 -1.05228332e-01 -3.34913210e-01
3      1.15820426e-02  2.44668352e-02  1.31396137e-01
--------------------------------------------------------------------------------

Im[Rot Density (My)]: 
--------------------------------------------------------------------------------
     1               2               3               
1     -7.15045411e-01  4.62267376e-01 -2.96967243e-01
2      2.33356781e-01 -1.34864299e+00  8.19835312e-01
3      8.79535138e-01  2.56349053e-01 -1.02458632e+00
--------------------------------------------------------------------------------

Re[Rot Density (Mx)]: 
--------------------------------------------------------------------------------
     1               2               3               
1      2.91476722e-01 -4.96439172e-01  4.00498752e-01
2     -2.64902766e-01  9.43333091e-01 -9.43756238e-02
3      2.24190881e-02 -8.74310271e-02 -6.85177789e-01
--------------------------------------------------------------------------------

Im[Rot Density (Mx)]: 
--------------------------------------------------------------------------------
     1               2               3               
1     -1.73815329e-01  2.02959632e-01  8.31881001e-01
2      9.29187387e-02 -2.71504817e-01 -3.64810426e-02
3     -4.19416614e-01  2.33380415e-01 -6.61652882e-01
--------------------------------------------------------------------------------
Alpha = 3.14159265e+00
Beta  = 1.57079633e+00
Gamma = 3.92699082e+00

Re[Rot Density (Scalar)]: 
--------------------------------------------------------------------------------
     1               2               3               
1      9.06864740e-01 -1.53772782e-01  1.71543049e-01
2     -3.09693488e-01  1.31145070e+00 -3.89853609e-01
3      1.97262826e-01 -4.46567566e-01  1.24395230e+00
--------------------------------------------------------------------------------

Im[Rot Density (Scalar)]: 
--------------------------------------------------------------------------------
     1               2               3               
1      1.37310231e-01 -4.72748337e-01  3.01787597e-01
2      9.91777599e-03  7.05524331e-02 -8.98411169e-02
3     -2.31388822e-01  3.90665575e-01 -1.62381027e-01
--------------------------------------------------------------------------------

Re[Rot Density (Mz)]: 
--------------------------------------------------------------------------------
     1               2               3               
1      5.56784186e-01 -1.75407629e-02 -2.72365018e-01
2     -4.58603880e-01  1.51167894e+00 -6.31113061e-01
3     -6.50355922e-02 -6.08321818e-01  2.66663400e-01
--------------------------------------------------------------------------------

Im[Rot Density (Mz)]: 
--------------------------------------------------------------------------------
     1               2               3               
1     -2.69715671e-01 -5.25948389e-01  9.30697351e-01
2      5.57055834e-01  3.26980763e-01 -6.59353774e-01
3     -9.54287983e-01  3.17722642e-01  1.77221548e-01
--------------------------------------------------------------------------------

Re[Rot Density (My)]: 
--------------------------------------------------------------------------------
     1               2               3               
1     -3.26023759e-01 -2.08245042e-01  1.65197950e-01
2      4.48945135e-01  5.60709215e-01 -7.26498361e-01
3     -1.13217712e-01 -3.65961010e-01  6.01453389e-01
--------------------------------------------------------------------------------

Im[Rot Density (My)]: 
--------------------------------------------------------------------------------
     1               2               3               
1     -5.74366379e-01 -8.34887789e-02 -1.49800942e-02
2      5.84687009e-01 -1.31455346e+00  6.53065619e-01
3      3.93110140e-01  6.29166882e-01 -8.44854620e-01
--------------------------------------------------------------------------------

Re[Rot Density (Mx)]: 
--------------------------------------------------------------------------------
     1               2               3               
1      7.42353385e-03 -4.68297502e-02  4.29997555e-02
2     -4.05051134e-01  9.79838214e-01 -1.00884840e-01
3      3.69814955e-01 -4.63478101e-01 -4.01510506e-01
--------------------------------------------------------------------------------

Im[Rot Density (Mx)]: 
--------------------------------------------------------------------------------
     1               2               3               
1      2.23824838e-01  3.92955316e-02  5.35733606e-01
2     -4.09721818e-02  3.59834910e-01 -3.55097384e-01
3     -4.18668061e-01 -1.98060028e-01 -1.78081777e-01
--------------------------------------------------------------------------------
Alpha = 3.14159265e+00
Beta  = 1.57079633e+00
Gamma = 5.49778714e+00

Re[Rot Density (Scalar)]: 
--------------------------------------------------------------------------------
     1               2               3               
1      8.99262510e-01 -5.47477571e-01  4.83571163e-01
2     -6.29143068e-01  1.52587211e+00 -3.62537782e-01
3      5.06457266e-01 -3.87804161e-01  1.04003884e+00
--------------------------------------------------------------------------------

Im[Rot Density (Scalar)]: 
--------------------------------------------------------------------------------
     1               2               3               
1      2.07149540e-02 -7.25504401e-01  6.38448962e-01
2     -1.91785549e-01  2.64161299e-01 -1.73509954e-01
3      8.48838721e-02  3.24382833e-01 -2.63485589e-01
--------------------------------------------------------------------------------

Re[Rot Density (Mz)]: 
--------------------------------------------------------------------------------
     1               2               3               
1      1.21928501e+00 -1.64242642e-01 -3.92696852e-01
2     -8.19885744e-01  1.92656016e+00 -7.88653631e-01
3     -1.25448394e-01 -8.15123535e-01  3.70986529e-01
--------------------------------------------------------------------------------

Im[Rot Density (Mz)]: 
--------------------------------------------------------------------------------
     1               2               3               
1     -3.10652121e-01 -8.05190071e-01  1.38144941e+00
2      8.72081573e-01  8.13480801e-01 -1.32875661e+00
3     -1.27242735e+00  2.95594616e-03  4.93768740e-01
--------------------------------------------------------------------------------

Re[Rot Density (My)]: 
--------------------------------------------------------------------------------
     1               2               3               
1      1.48511708e-01 -9.84110510e-01  7.19267665e-01
2      9.44948517e-01  1.15084250e+00 -1.37806307e+00
3     -8.92144271e-01 -4.07213801e-01  8.16201361e-01
--------------------------------------------------------------------------------

Im[Rot Density (My)]: 
--------------------------------------------------------------------------------
     1               2               3               
1     -7.36408347e-01 -4.30954901e-01  7.80711674e-01
2      1.07456515e+00 -2.37247784e+00  9.95609521e-01
3     -1.26952459e-01  1.67497335e+00 -1.52745190e+00
--------------------------------------------------------------------------------

Re[Rot Density (Mx)]: 
--------------------------------------------------------------------------------
     1               2               3               
1      3.11643279e-01  2.58891608e-01 -4.65053975e-01
2     -8.03744062e-01  2.04707680e+00 -6.28431087e-01
3      5.84122766e-01 -1.49320989e+00  4.04408779e-01
--------------------------------------------------------------------------------

Im[Rot Density (Mx)]: 
--------------------------------------------------------------------------------
     1               2               3               
1      1.11874203e+00 -6.13866035e-01  5.58803904e-01
2      6.45077713e-02  8.08024276e-01 -7.52791230e-01
3     -1.01562603e+00 -1.84511688e-01  3.70818295e-01
--------------------------------------------------------------------------------
Alpha = 1.57079633e+00
Beta  = 1.57079633e+00
Gamma = 7.85398163e-01

Re[Rot Density (Scalar)]: 
--------------------------------------------------------------------------------
     1               2               3               
1      1.66173203e-01 -2.17120763e-01  1.02392194e+00
2     -1.36805990e-01  1.44632262e+00 -6.05094396e-01
3      1.17423826e+00 -7.98435553e-01  1.16870163e+00
--------------------------------------------------------------------------------

Im[Rot Density (Scalar)]: 
--------------------------------------------------------------------------------
     1               2               3               
1     -4.19590738e-01 -3.59400047e-01  1.02518085e+00
2      1.90423123e-01  1.92394173e-01 -6.87325183e-01
3      1.13740592e-01  1.93553419e-01 -9.21591999e-03
--------------------------------------------------------------------------------

Re[Rot Density (Mz)]: 
--------------------------------------------------------------------------------
     1               2               3               
1      8.66409557e-01 -1.42601349e-01 -5.70703525e-01
2     -1.04720983e+00  1.36887930e+00 -1.09761003e-01
3      6.38090909e-01 -6.49566667e-01 -6.77254013e-02
--------------------------------------------------------------------------------

Im[Rot Density (Mz)]: 
--------------------------------------------------------------------------------
     1               2               3               
1     -6.11536145e-02 -6.97066796e-02  2.11491172e-01
2      1.25964195e-01  5.37987883e-01 -6.78167692e-01
3     -1.30429439e+00 -1.38723071e-01  1.48150226e+00
--------------------------------------------------------------------------------

Re[Rot Density (My)]: 
--------------------------------------------------------------------------------
     1               2               3               
1      4.97078523e-01 -6.44682977e-01 -2.92160065e-02
2      1.04385909e-01  1.66151768e+00 -8.72005025e-01
3     -7.70095283e-01 -8.77597483e-01  1.21135081e+00
--------------------------------------------------------------------------------

Im[Rot Density (My)]: 
--------------------------------------------------------------------------------
     1               2               3               
1      1.15861344e+00 -9.45913691e-01  1.21968298e+00
2      2.39806430e-01 -1.14133717e-01 -5.46126004e-01
3     -8.87989863e-01  6.68940808e-01 -4.34004885e-01
--------------------------------------------------------------------------------

Re[Rot Density (Mx)]: 
--------------------------------------------------------------------------------
     1               2               3               
1     -5.48504823e-01  7.95530295e-01 -7.24791199e-01
2     -2.05120351e-01 -9.75907858e-02  2.89203912e-01
3      9.59809160e-01 -6.36576743e-01  9.62801905e-02
--------------------------------------------------------------------------------

Im[Rot Density (Mx)]: 
--------------------------------------------------------------------------------
     1               2               3               
1      1.15317336e+00 -4.71954457e-01 -1.11653286e+00
2     -8.92029976e-01  1.47486114e+00 -2.92004980e-02
3      1.76689323e-01 -5.95458392e-01  1.09678535e+00
--------------------------------------------------------------------------------
Alpha = 1.57079633e+00
Beta  = 1.57079633e+00
Gamma = 2.35619449e+00

Re[Rot Density (Scalar)]: 
--------------------------------------------------------------------------------
     1               2               3               
1      1.24701143e-01 -1.18667646e-02  1.06145408e+00
2      2.11419873e-02  1.30412838e+00 -8.11663488e-01
3      9.09682797e-01 -5.40867821e-01  1.25943727e+00
--------------------------------------------------------------------------------

Im[Rot Density (Scalar)]: 
--------------------------------------------------------------------------------
     1               2               3               
1      2.36254400e-01 -4.05469167e-01  3.04707095e-01
2      3.52901452e-01 -5.24225332e-02 -4.78516610e-01
3     -7.86400127e-01  7.54039774e-01 -5.53726169e-02
--------------------------------------------------------------------------------

Re[Rot Density (Mz)]: 
--------------------------------------------------------------------------------
     1               2               3               
1      5.02422846e-01  1.43459279e-01 -9.29044158e-01
2     -7.99843309e-01  1.24706918e+00 -2.99986564e-01
3      2.23986841e-01 -5.28067588e-01  7.11896470e-01
--------------------------------------------------------------------------------

Im[Rot Density (Mz)]: 
--------------------------------------------------------------------------------
     1               2               3               
1     -6.91627479e-01 -2.53905465e-01  6.17997293e-01
2      4.77226257e-01  1.39635728e-01 -3.50229700e-01
3     -1.22241891e+00  5.89110654e-01  4.76669276e-01
--------------------------------------------------------------------------------

Re[Rot Density (My)]: 
--------------------------------------------------------------------------------
     1               2               3               
1      2.75765995e-01 -6.19797263e-01  5.99290587e-01
2     -1.04030324e-02  1.15579595e+00 -5.91572262e-01
3     -5.54647073e-01 -2.85252157e-01  1.17421653e-01
--------------------------------------------------------------------------------

Im[Rot Density (My)]: 
--------------------------------------------------------------------------------
     1               2               3               
1      3.66119122e-02 -1.98053311e-02  1.20677977e+00
2      1.65671587e-01 -2.37046680e-01 -3.53632631e-01
3      1.03825185e-01  8.16927842e-02 -1.25092429e+00
--------------------------------------------------------------------------------

Re[Rot Density (Mx)]: 
--------------------------------------------------------------------------------
     1               2               3               
1      3.15151374e-01 -1.03888256e-01 -1.76839498e-01
2     -2.83381926e-01 -5.27689762e-02  4.57045416e-01
3      3.00444185e-01  8.05532362e-02 -5.09199871e-01
--------------------------------------------------------------------------------

Im[Rot Density (Mx)]: 
--------------------------------------------------------------------------------
     1               2               3               
1      1.02704609e+00 -4.89547401e-01  1.69825313e-01
2     -7.84228406e-01  9.93675015e-01 -1.31362774e-01
3     -4.51123798e-01 -1.33373701e-02  3.86055043e-01
--------------------------------------------------------------------------------
Alpha = 1.57079633e+00
Beta  = 1.57079633e+00
Gamma = 3.92699082e+00

Re[Rot Density (Scalar)]: 
--------------------------------------------------------------------------------
     1               2               3               
1      6.64495567e-01 -6.77783457e-02  3.72295011e-01
2     -5.91584914e-02  1.23558163e+00 -5.79601937e-01
3      3.32124391e-01 -3.85572820e-01  1.29240604e+00
--------------------------------------------------------------------------------

Im[Rot Density (Scalar)]: 
--------------------------------------------------------------------------------
     1               2               3               
1      2.17753790e-03 -3.47276315e-01  4.61909025e-01
2      2.87557704e-01 -4.34858463e-03 -3.35576294e-01
3     -2.95458711e-01  4.77984849e-01 -1.21523277e-01
--------------------------------------------------------------------------------

Re[Rot Density (Mz)]: 
--------------------------------------------------------------------------------
     1               2               3               
1      5.89090279e-01  1.25386334e-02 -4.04025222e-01
2     -6.72534604e-01  1.06978413e+00 -1.29170070e-01
3      1.17352363e-01 -2.54377960e-01 -9.33811387e-02
--------------------------------------------------------------------------------

Im[Rot Density (Mz)]: 
--------------------------------------------------------------------------------
     1               2               3               
1     -2.85580179e-01 -2.12116140e-01  8.96218191e-01
2      1.61263334e-01  1.40732212e-01 -3.90749075e-01
3     -9.40147885e-01  3.94377244e-01  4.48287900e-02
--------------------------------------------------------------------------------

Re[Rot Density (My)]: 
--------------------------------------------------------------------------------
     1               2               3               
1     -1.94196634e-01 -1.00897399e-01  2.55286481e-01
2     -1.04581920e-01  1.01608617e+00 -3.68193249e-01
3     -3.68506192e-02 -5.50204408e-01  1.49064257e-02
--------------------------------------------------------------------------------

Im[Rot Density (My)]: 
--------------------------------------------------------------------------------
     1               2               3               
1      9.84601633e-02 -9.60580625e-02  7.91159255e-01
2      2.09400746e-01  1.44157893e-01 -4.78021835e-01
3     -7.55292456e-02 -2.27603404e-01 -5.52577771e-01
--------------------------------------------------------------------------------

Re[Rot Density (Mx)]: 
--------------------------------------------------------------------------------
     1               2               3               
1      4.29872209e-02 -9.28848140e-02  2.31688380e-01
2     -6.14729084e-02 -3.99878205e-01  4.93932656e-01
3      9.97141216e-02  3.96251439e-01 -7.87968700e-01
--------------------------------------------------------------------------------

Im[Rot Density (Mx)]: 
--------------------------------------------------------------------------------
     1               2               3               
1      8.35834841e-01  2.59570993e-02 -8.84722847e-02
2     -8.35174604e-01  9.11744373e-01 -1.72464611e-01
3     -1.75062583e-01 -3.92549906e-01  5.93739297e-01
--------------------------------------------------------------------------------
Alpha = 1.57079633e+00
Beta  = 1.57079633e+00
Gamma = 5.49778714e+00

Re[Rot Density (Scalar)]: 
--------------------------------------------------------------------------------
     1               2               3               
1      7.77995912e-01 -1.31514055e-01  2.51066992e-01
2     -5.76315153e-02  1.22142306e+00 -4.67719904e-01
3      2.73905106e-01 -3.49847046e-01  1.23975777e+00
--------------------------------------------------------------------------------

Im[Rot Density (Scalar)]: 
--------------------------------------------------------------------------------
     1               2               3               
1     -2.17664559e-01 -3.94160858e-01  7.28313178e-01
2      2.07840507e-01  1.14307359e-01 -3.82049221e-01
3      6.19891312e-02  2.46645602e-01 -1.29284771e-01
--------------------------------------------------------------------------------

Re[Rot Density (Mz)]: 
--------------------------------------------------------------------------------
     1               2               3               
1      6.54883038e-01 -1.24035197e-01 -2.61971046e-01
2     -7.56036755e-01  9.85792198e-01  6.36015708e-02
3      2.94087340e-01 -8.61284116e-02 -5.46228264e-01
--------------------------------------------------------------------------------

Im[Rot Density (Mz)]: 
--------------------------------------------------------------------------------
     1               2               3               
1      1.23383751e-01 -1.85441973e-01  7.89002268e-01
2     -1.12061740e-01  3.70557554e-01 -5.08624251e-01
3     -9.20719794e-01  7.42824004e-02  3.69141775e-01
--------------------------------------------------------------------------------

Re[Rot Density (My)]: 
--------------------------------------------------------------------------------
     1               2               3               
1     -1.40363089e-01  7.88211346e-03 -2.80428427e-02
2     -1.57437157e-01  1.44392741e+00 -5.21925693e-01
3      2.13603664e-02 -9.88524744e-01  4.50960878e-01
--------------------------------------------------------------------------------

Im[Rot Density (My)]: 
--------------------------------------------------------------------------------
     1               2               3               
1      6.66955569e-01 -4.73698755e-01  6.61152019e-01
2      2.32688228e-01  4.12915274e-01 -6.66266876e-01
3     -5.16472176e-01 -1.91248644e-01  5.96798357e-02
--------------------------------------------------------------------------------

Re[Rot Density (Mx)]: 
--------------------------------------------------------------------------------
     1               2               3               
1     -4.37968418e-01  2.49887476e-01  7.12503303e-02
2     -7.12242409e-03 -6.07339635e-01  4.97671700e-01
3      4.04543122e-01  2.78945234e-01 -6.04212037e-01
--------------------------------------------------------------------------------

Im[Rot Density (Mx)]: 
--------------------------------------------------------------------------------
     1               2               3               
1      7.54991311e-01  1.50552047e-01 -7.97840634e-01
2     -8.95734521e-01  1.34193408e+00 -1.45882812e-01
3      2.27349280e-01 -8.53395033e-01  9.96470102e-01
--------------------------------------------------------------------------------
Alpha = 4.71238898e+00
Beta  = 1.57079633e+00
Gamma = 7.85398163e-01

Re[Rot Density (Scalar)]: 
--------------------------------------------------------------------------------
     1               2               3               
1      8.27295548e-01 -1.51924398e-01  2.07021774e-01
2     -1.07339549e-01  1.26225135e+00 -4.05586239e-01
3      2.04559962e-01 -4.91386683e-01  1.28016298e+00
--------------------------------------------------------------------------------

Im[Rot Density (Scalar)]: 
--------------------------------------------------------------------------------
     1               2               3               
1      6.87902395e-03 -3.64651673e-02  6.34490837e-02
2      4.61385509e-01 -1.09541575e-01 -3.43197430e-01
3     -5.18613581e-01  1.91826678e-01  1.92831572e-01
--------------------------------------------------------------------------------

Re[Rot Density (Mz)]: 
--------------------------------------------------------------------------------
     1               2               3               
1     -1.41786432e-01 -2.63213548e-01  2.69376360e-01
2      1.32957085e-02  1.15373388e+00 -7.17740993e-01
3      3.70437144e-02 -3.35359709e-01 -8.79125684e-03
--------------------------------------------------------------------------------

Im[Rot Density (Mz)]: 
--------------------------------------------------------------------------------
     1               2               3               
1     -4.92972844e-01  9.78709777e-03  3.46892398e-01
2      1.93318536e-01 -5.15563315e-01  3.19527477e-01
3     -5.35380335e-01  5.13212077e-01  5.20931308e-02
--------------------------------------------------------------------------------

Re[Rot Density (My)]: 
--------------------------------------------------------------------------------
     1               2               3               
1     -7.51186880e-01  7.88201930e-01 -1.15276161e-01
2     -5.92820074e-02 -1.16889666e+00  3.59273248e-01
3      3.87772930e-01  1.48935958e-01  1.10156434e-01
--------------------------------------------------------------------------------

Im[Rot Density (My)]: 
--------------------------------------------------------------------------------
     1               2               3               
1     -1.18863799e-01  2.73396885e-01 -9.72873107e-01
2     -3.32059585e-01  4.38976105e-01  1.21420647e-01
3      9.63019787e-01 -7.39469546e-01  2.21011032e-01
--------------------------------------------------------------------------------

Re[Rot Density (Mx)]: 
--------------------------------------------------------------------------------
     1               2               3               
1     -2.25665907e-02 -2.50041231e-01  3.35111955e-01
2      1.76101859e-01 -8.05341977e-01  5.54584864e-01
3     -6.84510550e-02  8.22309994e-01 -8.46966409e-01
--------------------------------------------------------------------------------

Im[Rot Density (Mx)]: 
--------------------------------------------------------------------------------
     1               2               3               
1     -6.91979291e-01  9.44336464e-01  7.75732099e-02
2     -2.89209402e-01 -1.20174550e+00  6.92070622e-01
3      4.08674771e-01  2.63173066e-01 -8.44415838e-01
--------------------------------------------------------------------------------
Alpha = 4.71238898e+00
Beta  = 1.57079633e+00
Gamma = 2.35619449e+00

Re[Rot Density (Scalar)]: 
--------------------------------------------------------------------------------
     1               2               3               
1      7.87953233e-01 -1.16408482e-01  2.65014267e-01
2     -1.79257533e-01  1.24086469e+00 -3.10108734e-01
3      2.69047693e-01 -4.80738489e-01  1.24546567e+00
--------------------------------------------------------------------------------

Im[Rot Density (Scalar)]: 
--------------------------------------------------------------------------------
     1               2               3               
1      1.45217718e-01 -4.23695326e-01  1.89037162e-01
2      2.83843200e-01  1.64169659e-02 -3.93146121e-01
3     -5.57561012e-01  4.39194008e-01  6.79041347e-02
--------------------------------------------------------------------------------

Re[Rot Density (Mz)]: 
--------------------------------------------------------------------------------
     1               2               3               
1     -9.61141082e-02 -1.73432234e-01 -8.85872692e-02
2     -2.47586583e-03  1.25388485e+00 -7.68874697e-01
3      4.44531761e-02 -4.08584625e-01  2.84662617e-01
--------------------------------------------------------------------------------

Im[Rot Density (Mz)]: 
--------------------------------------------------------------------------------
     1               2               3               
1     -1.62510924e-01 -3.85243760e-01  3.26813304e-01
2      2.46311189e-01 -2.28772288e-01  1.85310523e-01
3     -8.13617074e-01  6.47957451e-01  2.94169922e-01
--------------------------------------------------------------------------------

Re[Rot Density (My)]: 
--------------------------------------------------------------------------------
     1               2               3               
1     -4.56014227e-01  4.29416248e-01 -9.29636440e-02
2      2.24190746e-01 -9.70494556e-01  3.67621118e-02
3      1.03963124e-01  1.15249487e-01  4.93685437e-01
--------------------------------------------------------------------------------

Im[Rot Density (My)]: 
--------------------------------------------------------------------------------
     1               2               3               
1      2.71566343e-02 -1.46585933e-01 -8.79975217e-01
2     -1.75674476e-01  2.28847644e-02  4.38497158e-01
3      8.43846614e-01 -1.83110748e-01  7.94180720e-02
--------------------------------------------------------------------------------

Re[Rot Density (Mx)]: 
--------------------------------------------------------------------------------
     1               2               3               
1     -3.43036233e-01  1.13205506e-01  1.74396942e-02
2      7.91279021e-03 -3.64643574e-01  2.41602442e-01
3      3.94292050e-01  2.56864516e-01 -4.65060185e-01
--------------------------------------------------------------------------------

Im[Rot Density (Mx)]: 
--------------------------------------------------------------------------------
     1               2               3               
1     -7.48680613e-01  6.61273705e-01 -1.82103511e-01
2      4.96333662e-02 -1.05732421e+00  6.45269819e-01
3      3.74808798e-01  2.06315511e-01 -6.99652192e-01
--------------------------------------------------------------------------------
Alpha = 4.71238898e+00
Beta  = 1.57079633e+00
Gamma = 3.92699082e+00

Re[Rot Density (Scalar)]: 
--------------------------------------------------------------------------------
     1               2               3               
1      9.73706919e-01 -3.80457128e-01  2.13229385e-01
2     -4.72144889e-01  1.37127985e+00 -2.51571220e-01
3      2.51621441e-01 -3.78622577e-01  1.16040733e+00
--------------------------------------------------------------------------------

Im[Rot Density (Scalar)]: 
--------------------------------------------------------------------------------
     1               2               3               
1      6.51701163e-02 -4.81218977e-01  3.34234259e-01
2      2.70694390e-01  3.73809468e-02 -3.81243697e-01
3     -3.61130889e-01  4.74391674e-01 -3.09216083e-02
--------------------------------------------------------------------------------

Re[Rot Density (Mz)]: 
--------------------------------------------------------------------------------
     1               2               3               
1      3.58923484e-01 -4.13872095e-01  5.87183130e-02
2      4.89415904e-02  1.54450947e+00 -8.98564450e-01
3     -2.77227477e-01 -4.31548433e-01  1.80939823e-01
--------------------------------------------------------------------------------

Im[Rot Density (Mz)]: 
--------------------------------------------------------------------------------
     1               2               3               
1     -5.36169470e-02 -5.37084190e-01  7.95612561e-01
2      2.74609904e-01 -2.32896329e-01 -5.96121944e-02
3     -9.24608008e-01  7.49117754e-01  1.06513185e-01
--------------------------------------------------------------------------------

Re[Rot Density (My)]: 
--------------------------------------------------------------------------------
     1               2               3               
1     -3.32936318e-01 -5.07282628e-02  2.67957052e-01
2      5.52310491e-01 -1.24171148e+00  9.80749162e-02
3     -2.58260879e-01  6.24789911e-01  2.50263638e-01
--------------------------------------------------------------------------------

Im[Rot Density (My)]: 
--------------------------------------------------------------------------------
     1               2               3               
1     -7.07231476e-02 -4.75477604e-03 -7.68032642e-01
2     -2.97284599e-01 -3.82390035e-01  7.19080014e-01
3      8.23057917e-01  1.16559819e-01 -3.20725789e-02
--------------------------------------------------------------------------------

Re[Rot Density (Mx)]: 
--------------------------------------------------------------------------------
     1               2               3               
1     -2.17343404e-01 -7.36844055e-02 -1.33079128e-01
2      1.53250931e-01  1.93454850e-02 -9.27877624e-02
3      3.06737075e-01  5.37489586e-03  3.78492029e-03
--------------------------------------------------------------------------------

Im[Rot Density (Mx)]: 
--------------------------------------------------------------------------------
     1               2               3               
1     -3.75781193e-01  2.52424254e-01 -2.27950378e-01
2      1.83026196e-01 -1.34046680e+00  8.05371972e-01
3      1.14387448e-01  6.29135362e-01 -6.10313192e-01
--------------------------------------------------------------------------------
Alpha = 4.71238898e+00
Beta  = 1.57079633e+00
Gamma = 5.49778714e+00

Re[Rot Density (Scalar)]: 
--------------------------------------------------------------------------------
     1               2               3               
1      1.05051564e+00 -6.50482772e-01  2.97012638e-01
2     -4.98743395e-01  1.46377034e+00 -3.67155071e-01
3      2.38197618e-01 -2.28431764e-01  1.08626327e+00
--------------------------------------------------------------------------------

Im[Rot Density (Scalar)]: 
--------------------------------------------------------------------------------
     1               2               3               
1     -8.13144067e-02 -7.95702525e-02  1.92158380e-01
2      5.66589979e-01 -1.01917876e-01 -4.20026304e-01
3     -3.83102756e-01  2.18658148e-01  1.36211610e-01
--------------------------------------------------------------------------------

Re[Rot Density (Mz)]: 
--------------------------------------------------------------------------------
     1               2               3               
1      3.47108392e-01 -7.93692310e-01  5.15971803e-01
2      2.16044825e-01  1.58672833e+00 -9.97358686e-01
3     -4.17347262e-01 -2.31428358e-01 -5.66418478e-02
--------------------------------------------------------------------------------

Im[Rot Density (Mz)]: 
--------------------------------------------------------------------------------
     1               2               3               
1     -5.34467952e-01 -1.94829695e-01  9.04685426e-01
2      2.34605356e-01 -6.83576213e-01  2.31063728e-01
3     -5.60404030e-01  7.39532659e-01 -2.64720301e-01
--------------------------------------------------------------------------------

Re[Rot Density (My)]: 
--------------------------------------------------------------------------------
     1               2               3               
1     -7.45418789e-01  1.52528616e-01  3.77830144e-01
2      4.05471545e-01 -1.99208430e+00  7.32158020e-01
3      7.35841136e-03  1.12557405e+00 -3.88966908e-01
--------------------------------------------------------------------------------

Im[Rot Density (My)]: 
--------------------------------------------------------------------------------
     1               2               3               
1     -2.90979031e-01  6.86850714e-01 -1.03340421e+00
2     -7.49343995e-01  1.01405321e-01  5.64039874e-01
3      1.18689644e+00 -5.77646962e-01  5.97286993e-02
--------------------------------------------------------------------------------

Re[Rot Density (Mx)]: 
--------------------------------------------------------------------------------
     1               2               3               
1      1.68260591e-01 -6.31565336e-01  2.19870709e-01
2      5.50884594e-01 -5.34209824e-01  1.53129473e-01
3     -3.24030408e-01  6.72184925e-01 -3.24050006e-01
--------------------------------------------------------------------------------

Im[Rot Density (Mx)]: 
--------------------------------------------------------------------------------
     1               2               3               
1     -3.80182896e-01  4.17413315e-01  1.10960131e-01
2     -2.19308400e-02 -2.03071595e+00  1.18651084e+00
3      5.66744526e-02  1.13086930e+00 -1.03500799e+00
--------------------------------------------------------------------------------
Alpha = 0.00000000e+00
Beta  = 0.00000000e+00
Gamma = 7.85398163e-01

Re[Rot Density (Scalar)]: 
--------------------------------------------------------------------------------
     1               2               3               
1      9.86859243e-01 -2.51773321e-01  6.31351891e-02
2     -2.81520591e-01  1.34585337e+00 -4.14956226e-01
3      9.48311424e-02 -4.88858032e-01  1.30236172e+00
--------------------------------------------------------------------------------

Im[Rot Density (Scalar)]: 
--------------------------------------------------------------------------------
     1               2               3               
1     -1.64699407e-02 -2.48468017e-01  2.77875303e-01
2      1.40603628e-01  3.65701889e-02 -2.13337091e-01
3     -1.69306227e-01  1.99997227e-01 -1.38270760e-02
--------------------------------------------------------------------------------

Re[Rot Density (Mz)]: 
--------------------------------------------------------------------------------
     1               2               3               
1      3.34406966e-01 -2.28760717e-01 -8.35239997e-02
2     -2.59270327e-01  1.28461401e+00 -3.65913409e-01
3      2.62469897e-02 -4.16907550e-01 -1.44636078e-01
--------------------------------------------------------------------------------

Im[Rot Density (Mz)]: 
--------------------------------------------------------------------------------
     1               2               3               
1      1.44644933e-01 -2.21326749e-01  8.44626008e-01
2      1.49081309e-01  8.93553072e-02 -3.49262874e-01
3     -9.62719035e-01  2.50931888e-01  1.33716759e-01
--------------------------------------------------------------------------------

Re[Rot Density (My)]: 
--------------------------------------------------------------------------------
     1               2               3               
1     -3.43213440e-01  7.69606039e-02  4.52196642e-02
2      2.25395141e-01  1.94166549e-01 -3.40955128e-01
3     -8.09151799e-03 -3.05179682e-01  4.02910618e-01
--------------------------------------------------------------------------------

Im[Rot Density (My)]: 
--------------------------------------------------------------------------------
     1               2               3               
1      1.48327023e-01 -2.74410059e-01 -2.65458635e-01
2      1.42046138e-01 -6.24195930e-02  1.48197293e-01
3      1.83074949e-01  5.93661200e-02  2.89857403e-02
--------------------------------------------------------------------------------

Re[Rot Density (Mx)]: 
--------------------------------------------------------------------------------
     1               2               3               
1     -3.44063991e-01  1.34534021e-01  4.66580700e-02
2     -3.64694276e-02 -2.43530649e-01  2.00463285e-01
3      3.40403549e-01  1.07635625e-01 -4.00750846e-01
--------------------------------------------------------------------------------

Im[Rot Density (Mx)]: 
--------------------------------------------------------------------------------
     1               2               3               
1      2.31607794e-02  2.29158273e-01 -3.13252967e-01
2     -2.46947653e-01  9.86635270e-02  1.24714208e-01
3      1.74387138e-01 -1.82944868e-01  1.11788574e-01
--------------------------------------------------------------------------------
Alpha = 0.00000000e+00
Beta  = 0.00000000e+00
Gamma = 2.35619449e+00

Re[Rot Density (Scalar)]: 
--------------------------------------------------------------------------------
     1               2               3               
1      9.06442357e-01 -3.62981167e-01  2.35859981e-01
2     -4.09990900e-01  1.42781964e+00 -4.07562839e-01
3      2.85990033e-01 -5.23658132e-01  1.25275321e+00
--------------------------------------------------------------------------------

Im[Rot Density (Scalar)]: 
--------------------------------------------------------------------------------
     1               2               3               
1     -2.63890230e-02 -3.31298129e-01  3.66604502e-01
2      1.63174968e-01  5.70118091e-02 -3.26855688e-01
3     -1.95373230e-01  3.06100092e-01 -2.18610796e-02
--------------------------------------------------------------------------------

Re[Rot Density (Mz)]: 
--------------------------------------------------------------------------------
     1               2               3               
1      5.96470820e-01 -2.86830907e-01 -2.24409793e-01
2     -3.35009551e-01  1.47850258e+00 -4.62506915e-01
3     -5.04733933e-02 -5.43009646e-01  5.30510699e-02
--------------------------------------------------------------------------------

Im[Rot Density (Mz)]: 
--------------------------------------------------------------------------------
     1               2               3               
1      2.02903779e-01 -2.87088427e-01  1.02781966e+00
2      1.89236538e-01  1.17622498e-01 -4.57399572e-01
3     -1.19683578e+00  3.18382615e-01  1.85213510e-01
--------------------------------------------------------------------------------

Re[Rot Density (My)]: 
--------------------------------------------------------------------------------
     1               2               3               
1     -1.18477396e-02 -3.21586027e-01  3.02603162e-01
2      4.23917178e-01  1.48397896e-01 -3.46626050e-01
3     -4.48246116e-01 -3.27765077e-02  3.16032235e-01
--------------------------------------------------------------------------------

Im[Rot Density (My)]: 
--------------------------------------------------------------------------------
     1               2               3               
1      2.51845785e-01 -3.24076103e-01  1.21510112e-01
2      4.40947894e-02 -3.14397017e-01  2.60321996e-01
3      4.71058652e-02  3.71654021e-01 -2.67178144e-01
--------------------------------------------------------------------------------

Re[Rot Density (Mx)]: 
--------------------------------------------------------------------------------
     1               2               3               
1     -2.93070940e-01  1.48868052e-01 -2.25579785e-01
2      2.20958710e-02  3.69604907e-03  1.36960697e-02
3      4.19548855e-01 -1.62232490e-01 -2.46751380e-02
--------------------------------------------------------------------------------

Im[Rot Density (Mx)]: 
--------------------------------------------------------------------------------
     1               2               3               
1      4.55155066e-01 -1.46300840e-01 -4.61347019e-01
2     -2.11394516e-01  3.08983167e-02  2.57422566e-01
3     -5.53156001e-02  9.36968388e-02  3.04894462e-01
--------------------------------------------------------------------------------
Alpha = 0.00000000e+00
Beta  = 0.00000000e+00
Gamma = 3.92699082e+00

Re[Rot Density (Scalar)]: 
--------------------------------------------------------------------------------
     1               2               3               
1      9.06442357e-01 -4.09990900e-01  2.85990033e-01
2     -3.62981167e-01  1.42781964e+00 -5.23658132e-01
3      2.35859981e-01 -4.07562839e-01  1.25275321e+00
--------------------------------------------------------------------------------

Im[Rot Density (Scalar)]: 
--------------------------------------------------------------------------------
     1               2               3               
1      2.63890230e-02 -1.63174968e-01  1.95373230e-01
2      3.31298129e-01 -5.70118091e-02 -3.06100092e-01
3     -3.66604502e-01  3.26855688e-01  2.18610796e-02
--------------------------------------------------------------------------------

Re[Rot Density (Mz)]: 
--------------------------------------------------------------------------------
     1               2               3               
1      5.96470820e-01 -3.35009551e-01 -5.04733933e-02
2     -2.86830907e-01  1.47850258e+00 -5.43009646e-01
3     -2.24409793e-01 -4.62506915e-01  5.30510699e-02
--------------------------------------------------------------------------------

Im[Rot Density (Mz)]: 
--------------------------------------------------------------------------------
     1               2               3               
1     -2.02903779e-01 -1.89236538e-01  1.19683578e+00
2      2.87088427e-01 -1.17622498e-01 -3.18382615e-01
3     -1.02781966e+00  4.57399572e-01 -1.85213510e-01
--------------------------------------------------------------------------------

Re[Rot Density (My)]: 
--------------------------------------------------------------------------------
     1               2               3               
1     -1.98854832e-01 -2.84130571e-01  6.13623708e-01
2      3.32661270e-01 -1.02319658e-01 -9.15392032e-02
3     -3.73481743e-01  2.54786214e-01 -2.40916494e-01
--------------------------------------------------------------------------------

Im[Rot Density (My)]: 
--------------------------------------------------------------------------------
     1               2               3               
1     -1.43761371e-01  1.80658220e-01  7.24229126e-02
2     -1.25706094e-01 -2.44160672e-01  1.96545408e-01
3      4.12142230e-01  2.05020655e-03 -4.04516419e-01
--------------------------------------------------------------------------------

Re[Rot Density (Mx)]: 
--------------------------------------------------------------------------------
     1               2               3               
1      2.15610066e-01 -3.15378852e-01  2.02920275e-02
2      1.22130051e-01 -1.07546660e-01  1.37892185e-01
3     -5.44637517e-02  2.35417047e-01 -2.06020579e-01
--------------------------------------------------------------------------------

Im[Rot Density (Mx)]: 
--------------------------------------------------------------------------------
     1               2               3               
1      4.99925096e-01 -1.18298771e-01 -5.80515926e-03
2     -3.32606726e-01 -2.00463854e-01  3.29052749e-01
3     -2.40300982e-01  3.66100690e-01  2.66694641e-02
--------------------------------------------------------------------------------
Alpha = 0.00000000e+00
Beta  = 0.00000000e+00
Gamma = 5.49778714e+00

Re[Rot Density (Scalar)]: 
--------------------------------------------------------------------------------
     1               2               3               
1      9.86859243e-01 -2.81520591e-01  9.48311424e-02
2     -2.51773321e-01  1.34585337e+00 -4.88858032e-01
3      6.31351891e-02 -4.14956226e-01  1.30236172e+00
--------------------------------------------------------------------------------

Im[Rot Density (Scalar)]: 
--------------------------------------------------------------------------------
     1               2               3               
1      1.64699407e-02 -1.40603628e-01  1.69306227e-01
2      2.48468017e-01 -3.65701889e-02 -1.99997227e-01
3     -2.77875303e-01  2.13337091e-01  1.38270760e-02
--------------------------------------------------------------------------------

Re[Rot Density (Mz)]: 
--------------------------------------------------------------------------------
     1               2               3               
1      3.34406966e-01 -2.59270327e-01  2.62469897e-02
2     -2.28760717e-01  1.28461401e+00 -4.16907550e-01
3     -8.35239997e-02 -3.65913409e-01 -1.44636078e-01
--------------------------------------------------------------------------------

Im[Rot Density (Mz)]: 
--------------------------------------------------------------------------------
     1               2               3               
1     -1.44644933e-01 -1.49081309e-01  9.62719035e-01
2      2.21326749e-01 -8.93553072e-02 -2.50931888e-01
3     -8.44626008e-01  3.49262874e-01 -1.33716759e-01
--------------------------------------------------------------------------------

Re[Rot Density (My)]: 
--------------------------------------------------------------------------------
     1               2               3               
1     -4.85978532e-01  1.33590653e-01  2.34980091e-01
2      1.49549284e-01 -3.49056902e-02 -1.39684743e-01
3      6.49673689e-02 -9.93427343e-02  1.52718973e-03
--------------------------------------------------------------------------------

Im[Rot Density (My)]: 
--------------------------------------------------------------------------------
     1               2               3               
1     -1.21260188e-01  7.41765731e-02 -2.52763866e-01
2      3.19978442e-02 -2.56283315e-02  8.73833705e-02
3      4.09210898e-01 -1.92977573e-01 -9.95424724e-02
--------------------------------------------------------------------------------

Re[Rot Density (Mx)]: 
--------------------------------------------------------------------------------
     1               2               3               
1     -6.01430353e-04 -1.85166212e-01  2.46423225e-01
2      4.07105539e-02 -3.09498657e-01  2.91904503e-01
3      1.01710653e-03  3.82840631e-01 -5.68274471e-01
--------------------------------------------------------------------------------

Im[Rot Density (Mx)]: 
--------------------------------------------------------------------------------
     1               2               3               
1      8.85058996e-02  2.75060147e-01  6.14321000e-03
2     -3.56076582e-01 -1.13902966e-01  1.71339743e-01
3      3.37956965e-02  1.66050488e-02 -5.85504454e-02
--------------------------------------------------------------------------------
Alpha = 0.00000000e+00
Beta  = 3.14159265e+00
Gamma = 7.85398163e-01

Re[Rot Density (Scalar)]: 
--------------------------------------------------------------------------------
     1               2               3               
1     -3.90939791e-01  1.03137223e+00  5.79159773e-01
2      1.03137223e+00  1.09572911e+00 -1.58166847e+00
3      5.79159773e-01 -1.58166847e+00  2.26655006e+00
--------------------------------------------------------------------------------

Im[Rot Density (Scalar)]: 
--------------------------------------------------------------------------------
     1               2               3               
1     -2.22044605e-16  1.45989589e-01  3.77016164e-01
2     -1.45989589e-01 -9.99200722e-16 -4.29645493e-01
3     -3.77016164e-01  4.29645493e-01 -1.56125113e-17
--------------------------------------------------------------------------------

Re[Rot Density (Mz)]: 
--------------------------------------------------------------------------------
     1               2               3               
1     -5.55111512e-17  1.57633752e+00 -1.03196748e+00
2     -1.57633752e+00  1.66533454e-16  1.20458766e+00
3      1.03196748e+00 -1.20458766e+00 -6.52256027e-16
--------------------------------------------------------------------------------

Im[Rot Density (Mz)]: 
--------------------------------------------------------------------------------
     1               2               3               
1     -1.31030217e-01  3.49541533e-01 -1.22673339e+00
2      3.49541533e-01  9.48077037e-01 -2.29583477e-01
3     -1.22673339e+00 -2.29583477e-01  1.70297450e+00
--------------------------------------------------------------------------------

Re[Rot Density (My)]: 
--------------------------------------------------------------------------------
     1               2               3               
1      6.79112364e-01  1.27911036e-02 -8.71651063e-01
2     -1.42853426e+00  4.66044411e+00 -2.18096514e+00
3      2.31309732e-01 -3.05238215e+00  2.64116299e+00
--------------------------------------------------------------------------------

Im[Rot Density (My)]: 
--------------------------------------------------------------------------------
     1               2               3               
1     -2.63076166e-02 -2.24702461e+00  6.27215596e-01
2      1.57875379e+00  1.84291225e+00 -1.94753069e+00
3     -9.13120032e-02  8.48360404e-02  9.89993998e-02
--------------------------------------------------------------------------------

Re[Rot Density (Mx)]: 
--------------------------------------------------------------------------------
     1               2               3               
1     -2.81297552e-01  2.03304363e+00 -1.19877242e+00
2     -1.44662362e+00 -1.93041916e+00  2.13575509e+00
3      1.46401049e+00  3.19683340e-02 -1.09400553e+00
--------------------------------------------------------------------------------

Im[Rot Density (Mx)]: 
--------------------------------------------------------------------------------
     1               2               3               
1     -6.35122048e-02 -1.43295922e-02  4.98080922e-01
2     -1.59901889e+00  4.44918375e+00 -1.82755441e+00
3      7.95704799e-01 -2.66938828e+00  2.39005694e-01
--------------------------------------------------------------------------------
Alpha = 0.00000000e+00
Beta  = 3.14159265e+00
Gamma = 2.35619449e+00

Re[Rot Density (Scalar)]: 
--------------------------------------------------------------------------------
     1               2               3               
1     -6.68003004e-02  8.60696908e-01  4.62073558e-01
2      8.60696908e-01  7.59116858e-01 -7.54686586e-01
3      4.62073558e-01 -7.54686586e-01  1.74359354e+00
--------------------------------------------------------------------------------

Im[Rot Density (Scalar)]: 
--------------------------------------------------------------------------------
     1               2               3               
1      1.94289029e-16 -5.58064270e-01  7.47080791e-01
2      5.58064270e-01 -1.11022302e-16 -1.01932417e+00
3     -7.47080791e-01  1.01932417e+00 -2.91433544e-16
--------------------------------------------------------------------------------

Re[Rot Density (Mz)]: 
--------------------------------------------------------------------------------
     1               2               3               
1      1.38777878e-16  1.04390381e+00 -6.13836776e-01
2     -1.04390381e+00  9.19837123e-16  2.75208089e-01
3      6.13836776e-01 -2.75208089e-01 -1.24900090e-16
--------------------------------------------------------------------------------

Im[Rot Density (Mz)]: 
--------------------------------------------------------------------------------
     1               2               3               
1     -5.67807851e-01 -1.01308709e-01 -6.98816215e-01
2     -1.01308709e-01 -1.62127313e-01  8.81017233e-01
3     -6.98816215e-01  8.81017233e-01  4.49283245e-01
--------------------------------------------------------------------------------

Re[Rot Density (My)]: 
--------------------------------------------------------------------------------
     1               2               3               
1      5.48534699e-02  1.03275341e+00 -6.95640059e-01
2     -1.34408021e+00  1.00355438e+00  6.88004957e-02
3      5.74863271e-01 -1.39938120e+00  6.94854343e-01
--------------------------------------------------------------------------------

Im[Rot Density (My)]: 
--------------------------------------------------------------------------------
     1               2               3               
1      2.12040401e-01 -1.06221837e+00  7.37241459e-01
2      7.68976709e-02  2.30254126e+00 -1.79357133e+00
3      4.63039863e-01 -1.25729981e+00 -2.34020009e-02
--------------------------------------------------------------------------------

Re[Rot Density (Mx)]: 
--------------------------------------------------------------------------------
     1               2               3               
1     -1.32427991e-01  8.68063049e-01 -1.17339375e-01
2     -1.16453674e-01 -2.42279459e+00  1.91022337e+00
3      4.08920335e-01  1.30208260e+00 -1.67752678e+00
--------------------------------------------------------------------------------

Im[Rot Density (Mx)]: 
--------------------------------------------------------------------------------
     1               2               3               
1      8.78300099e-02  1.17096810e+00 -8.24042041e-02
2     -1.57910129e+00  9.53743819e-01  1.54808887e-02
3      5.79577007e-01 -1.27919309e+00 -9.69342617e-03
--------------------------------------------------------------------------------
Alpha = 0.00000000e+00
Beta  = 3.14159265e+00
Gamma = 3.92699082e+00

Re[Rot Density (Scalar)]: 
--------------------------------------------------------------------------------
     1               2               3               
1      1.66447757e-01  7.71896805e-01  4.02869558e-01
2      7.71896805e-01  3.67476849e-01  7.66025384e-02
3      4.02869558e-01  7.66025384e-02  1.22350439e+00
--------------------------------------------------------------------------------

Im[Rot Density (Scalar)]: 
--------------------------------------------------------------------------------
     1               2               3               
1      1.38777878e-16 -1.31533362e+00  1.17396433e+00
2      1.31533362e+00  6.10622664e-16 -1.68866227e+00
3     -1.17396433e+00  1.68866227e+00 -3.60822483e-16
--------------------------------------------------------------------------------

Re[Rot Density (Mz)]: 
--------------------------------------------------------------------------------
     1               2               3               
1      6.69603262e-16  5.64425025e-01 -2.24198362e-01
2     -5.64425025e-01  9.15933995e-16 -6.60086828e-01
3      2.24198362e-01  6.60086828e-01  2.49800181e-16
--------------------------------------------------------------------------------

Im[Rot Density (Mz)]: 
--------------------------------------------------------------------------------
     1               2               3               
1     -4.65244548e-01 -7.64519756e-01 -3.96590948e-01
2     -7.64519756e-01 -7.24163408e-01  1.88104433e+00
3     -3.96590948e-01  1.88104433e+00 -2.20983152e-01
--------------------------------------------------------------------------------

Re[Rot Density (My)]: 
--------------------------------------------------------------------------------
     1               2               3               
1     -1.26213245e-01  1.39194705e+00 -2.94707377e-01
2     -9.16647420e-01 -1.22694170e+00  1.67660564e+00
3      3.86107504e-01 -1.87637096e-01 -5.39638092e-01
--------------------------------------------------------------------------------

Im[Rot Density (My)]: 
--------------------------------------------------------------------------------
     1               2               3               
1      9.18915355e-01 -3.52696727e-01  1.94098374e-01
2     -1.50762010e+00  2.86955188e+00 -1.33810033e+00
3      1.08321248e+00 -2.29232303e+00  5.83795807e-01
--------------------------------------------------------------------------------

Re[Rot Density (Mx)]: 
--------------------------------------------------------------------------------
     1               2               3               
1     -3.04705727e-01  9.56118317e-02  2.51331092e-01
2      1.05186297e+00 -2.96209930e+00  1.41124672e+00
3     -3.06716653e-02  2.18344134e+00 -1.30280160e+00
--------------------------------------------------------------------------------

Im[Rot Density (Mx)]: 
--------------------------------------------------------------------------------
     1               2               3               
1     -3.80627203e-01  1.77940006e+00 -1.33779541e+00
2     -1.00883160e+00 -1.18860731e+00  1.90373398e+00
3      8.08715928e-01 -3.99963392e-01 -2.41816141e-01
--------------------------------------------------------------------------------
Alpha = 0.00000000e+00
Beta  = 3.14159265e+00
Gamma = 5.49778714e+00

Re[Rot Density (Scalar)]: 
--------------------------------------------------------------------------------
     1               2               3               
1      3.13450933e+00 -1.30419782e+00 -1.04723524e+00
2     -1.30419782e+00 -4.60286961e-01  4.08510531e+00
3     -1.04723524e+00  4.08510531e+00 -1.39570581e+00
--------------------------------------------------------------------------------

Im[Rot Density (Scalar)]: 
--------------------------------------------------------------------------------
     1               2               3               
1     -2.33146835e-15 -3.98036213e+00  2.13947936e+00
2      3.98036213e+00  4.10782519e-15 -3.39130341e+00
3     -2.13947936e+00  3.39130341e+00  2.44249065e-15
--------------------------------------------------------------------------------

Re[Rot Density (Mz)]: 
--------------------------------------------------------------------------------
     1               2               3               
1     -7.77156117e-16 -2.85722482e+00  2.26531505e+00
2      2.85722482e+00  1.11022302e-16 -5.14870906e+00
3     -2.26531505e+00  5.14870906e+00  1.11022302e-16
--------------------------------------------------------------------------------

Im[Rot Density (Mz)]: 
--------------------------------------------------------------------------------
     1               2               3               
1     -6.41486221e-01 -3.13625578e+00  2.25397130e+00
2     -3.13625578e+00 -4.35071961e+00  5.66476232e+00
3      2.25397130e+00  5.66476232e+00 -5.08629517e+00
--------------------------------------------------------------------------------

Re[Rot Density (My)]: 
--------------------------------------------------------------------------------
     1               2               3               
1     -3.09438708e+00  4.74252943e+00 -3.63105343e-01
2      9.77878323e-01 -1.59901269e+01  9.57270619e+00
3      2.07861781e+00  6.62425668e+00 -5.88967723e+00
--------------------------------------------------------------------------------

Im[Rot Density (My)]: 
--------------------------------------------------------------------------------
     1               2               3               
1      8.60436667e-01  3.44990536e+00 -2.99942947e+00
2     -6.72694581e+00  6.41400862e+00  1.78313678e+00
3      4.32185190e+00 -7.72694038e+00  1.37413481e+00
--------------------------------------------------------------------------------

Re[Rot Density (Mx)]: 
--------------------------------------------------------------------------------
     1               2               3               
1     -1.28173710e+00 -3.35960065e+00  3.30271484e+00
2      5.72907112e+00 -6.62332741e+00 -2.04592562e-01
3     -2.59212631e+00  6.91359425e+00 -2.43958419e+00
--------------------------------------------------------------------------------

Im[Rot Density (Mx)]: 
--------------------------------------------------------------------------------
     1               2               3               
1     -2.07727787e+00  6.06343265e+00 -3.11259209e+00
2      1.84804287e+00 -1.54847866e+01  9.14440710e+00
3     -8.00180555e-02  5.20520416e+00 -3.31745490e+00
--------------------------------------------------------------------------------
  PHF <S²> = 7.5000000000000011e-01
  SCFIt: 1      -1.208296276801811731       -1.1888796e-01   2.2542916e-01
SCF Failed to converge within MAXITER iterations
Job terminated: Tue Feb 14 09:06:33 2017

