================================================================================
Self Consistent Field (SCF) Settings:

  SCF Type:                           Complex Generalized Hartree-Fock
  Density Convergence Tolerence:      1.000000e-02
  Energy Convergence Tolerence:       1.000000e-10
  Maximum Number of SCF Cycles:       1
  Integral Contraction Algorithm:     In-Core (BTAS)
  Incremental Fock Build?             No
  Initial Guess:                      Read
  DIIS Extrapolation Algorithm:       CDIIS
  Damping Parameter:                  7.0000e-01

--------------------------------------------------------------------------------
SCF Iteration   Energy (Eh)       ΔE (Eh)          |ΔP|             
-------------   -----------       -------           ----              
    *** INITIAL GUESS ENERGY = -1.3360e+00 Eh ***
Using LebedevTrap Grid = (6,2)
Doing PHF Incremental Fock Build
Alpha = 0.0000e+00
Beta  = 1.5708e+00
Gamma = 1.5708e+00

Re[Rot Density (Scalar)]: 
--------------------------------------------------------------------------------
     1               2               3               
1      4.53509474e-01  3.55423193e-01  3.55423194e-01
2      3.55423196e-01  1.27389064e+00 -7.12146285e-01
3      3.55423190e-01 -7.12146282e-01  1.27389064e+00
--------------------------------------------------------------------------------

Im[Rot Density (Scalar)]: 
--------------------------------------------------------------------------------
     1               2               3               
1      2.21979543e-11 -5.92049831e-10  4.41249146e-10
2      2.83803700e-09 -8.46646429e-10 -1.79182384e-09
3     -2.75997833e-09  1.80112354e-09  8.55946626e-10
--------------------------------------------------------------------------------

Re[Rot Density (Mz)]: 
--------------------------------------------------------------------------------
     1               2               3               
1      1.65874195e-01  1.25724234e-01  1.25724242e-01
2     -8.33124985e-02 -1.06251057e+00  9.23526349e-01
3     -8.33124938e-02  9.23526352e-01 -1.06251057e+00
--------------------------------------------------------------------------------

Im[Rot Density (Mz)]: 
--------------------------------------------------------------------------------
     1               2               3               
1      1.18881453e-10 -2.70793137e-10  2.20934891e-10
2     -2.79944730e-09  1.74132024e-09  8.64956000e-10
3      2.86274051e-09 -9.50444094e-10 -1.82355540e-09
--------------------------------------------------------------------------------

Re[Rot Density (My)]: 
--------------------------------------------------------------------------------
     1               2               3               
1      1.65874196e-01 -8.33124949e-02 -8.33124966e-02
2      1.25724236e-01 -1.06251057e+00  9.23526353e-01
3      1.25724238e-01  9.23526351e-01 -1.06251057e+00
--------------------------------------------------------------------------------

Im[Rot Density (My)]: 
--------------------------------------------------------------------------------
     1               2               3               
1     -2.55618888e-10  7.50576821e-10 -5.52474907e-10
2      2.41313263e-09 -3.93819203e-09  7.45973249e-10
3     -2.31433316e-09  2.70961841e-09  2.56417932e-10
--------------------------------------------------------------------------------

Re[Rot Density (Mx)]: 
--------------------------------------------------------------------------------
     1               2               3               
1     -5.02028345e-10  8.98708307e-10 -3.94661567e-10
2     -2.83982945e-09  3.33751832e-09  4.20429677e-12
3      2.08175466e-09 -3.15282418e-09  6.47974141e-10
--------------------------------------------------------------------------------

Im[Rot Density (Mx)]: 
--------------------------------------------------------------------------------
     1               2               3               
1     -6.85411708e-02  2.27397155e-02  2.27397236e-02
2      2.27397187e-02 -1.01591918e+00  9.70117733e-01
3      2.27397202e-02  9.70117736e-01 -1.01591919e+00
--------------------------------------------------------------------------------
Alpha = 0.00000000e+00
Beta  = 1.57079633e+00
Gamma = 4.71238898e+00

Re[Rot Density (Scalar)]: 
--------------------------------------------------------------------------------
     1               2               3               
1      4.53509474e-01  3.55423198e-01  3.55423188e-01
2      3.55423195e-01  1.27389064e+00 -7.12146282e-01
3      3.55423192e-01 -7.12146285e-01  1.27389064e+00
--------------------------------------------------------------------------------

Im[Rot Density (Scalar)]: 
--------------------------------------------------------------------------------
     1               2               3               
1     -2.21981865e-11  2.39354439e-10 -3.17412999e-10
2     -2.48534160e-09  8.46646410e-10  1.57837171e-09
3      2.63614241e-09 -1.58767140e-09 -8.55946626e-10
--------------------------------------------------------------------------------

Re[Rot Density (Mz)]: 
--------------------------------------------------------------------------------
     1               2               3               
1     -1.65874196e-01 -1.25724239e-01 -1.25724237e-01
2      8.33124975e-02  1.06251057e+00 -9.23526355e-01
3      8.33124949e-02 -9.23526353e-01  1.06251057e+00
--------------------------------------------------------------------------------

Im[Rot Density (Mz)]: 
--------------------------------------------------------------------------------
     1               2               3               
1      2.85080044e-11 -5.01819944e-10  3.85764463e-10
2     -2.50564433e-09  1.77986539e-09  6.54607333e-10
3      2.68348759e-09 -6.95746277e-10 -1.81775253e-09
--------------------------------------------------------------------------------

Re[Rot Density (My)]: 
--------------------------------------------------------------------------------
     1               2               3               
1      1.65874195e-01 -8.33125011e-02 -8.33124920e-02
2      1.25724236e-01 -1.06251057e+00  9.23526352e-01
3      1.25724240e-01  9.23526353e-01 -1.06251058e+00
--------------------------------------------------------------------------------

Im[Rot Density (My)]: 
--------------------------------------------------------------------------------
     1               2               3               
1      1.65245027e-10 -4.56774037e-10  3.73221602e-10
2     -2.64415955e-09  3.97673779e-09 -4.91275648e-10
3      2.47916329e-09 -2.91996716e-09 -2.50614710e-10
--------------------------------------------------------------------------------

Re[Rot Density (Mx)]: 
--------------------------------------------------------------------------------
     1               2               3               
1     -5.02028332e-10  1.09729421e-09 -5.93247386e-10
2     -3.03841549e-09  3.33751879e-09  2.53693647e-10
3      2.28034076e-09 -3.40231406e-09  6.47974289e-10
--------------------------------------------------------------------------------

Im[Rot Density (Mx)]: 
--------------------------------------------------------------------------------
     1               2               3               
1      6.85411710e-02 -2.27397205e-02 -2.27397184e-02
2     -2.27397173e-02  1.01591919e+00 -9.70117740e-01
3     -2.27397218e-02 -9.70117736e-01  1.01591919e+00
--------------------------------------------------------------------------------
Alpha = 3.14159265e+00
Beta  = 1.57079633e+00
Gamma = 1.57079633e+00

Re[Rot Density (Scalar)]: 
--------------------------------------------------------------------------------
     1               2               3               
1      4.53509474e-01  3.55423198e-01  3.55423188e-01
2      3.55423196e-01  1.27389064e+00 -7.12146282e-01
3      3.55423190e-01 -7.12146284e-01  1.27389064e+00
--------------------------------------------------------------------------------

Im[Rot Density (Scalar)]: 
--------------------------------------------------------------------------------
     1               2               3               
1      2.22009632e-11  7.39875998e-10 -8.90681812e-10
2      2.96837753e-09 -1.39196265e-09 -1.13198043e-09
3     -2.89032383e-09  1.14128163e-09  1.40126401e-09
--------------------------------------------------------------------------------

Re[Rot Density (Mz)]: 
--------------------------------------------------------------------------------
     1               2               3               
1      1.65874196e-01  1.25724239e-01  1.25724236e-01
2     -8.33124988e-02 -1.06251057e+00  9.23526356e-01
3     -8.33124935e-02  9.23526353e-01 -1.06251057e+00
--------------------------------------------------------------------------------

Im[Rot Density (Mz)]: 
--------------------------------------------------------------------------------
     1               2               3               
1      1.18800352e-10  9.55784542e-10 -1.00559002e-09
2     -2.86385311e-09  8.78073087e-10  1.53158858e-09
3      2.92720031e-09 -1.61387755e-09 -9.63614260e-10
--------------------------------------------------------------------------------

Re[Rot Density (My)]: 
--------------------------------------------------------------------------------
     1               2               3               
1      1.65874195e-01 -8.33125012e-02 -8.33124919e-02
2      1.25724237e-01 -1.06251057e+00  9.23526351e-01
3      1.25724238e-01  9.23526354e-01 -1.06251057e+00
--------------------------------------------------------------------------------

Im[Rot Density (My)]: 
--------------------------------------------------------------------------------
     1               2               3               
1     -2.55608707e-10 -5.81343173e-10  7.79461832e-10
2      2.54346992e-09 -3.27835367e-09  2.00652129e-10
3     -2.44468189e-09  3.25493097e-09 -4.03429039e-10
--------------------------------------------------------------------------------

Re[Rot Density (Mx)]: 
--------------------------------------------------------------------------------
     1               2               3               
1     -5.02223599e-10 -3.27990709e-10  8.31741916e-10
2     -2.77529866e-09  4.20082046e-09 -6.62373365e-10
3      2.01741993e-09 -2.48933592e-09 -2.11911983e-10
--------------------------------------------------------------------------------

Im[Rot Density (Mx)]: 
--------------------------------------------------------------------------------
     1               2               3               
1     -6.85411710e-02  2.27397204e-02  2.27397185e-02
2      2.27397185e-02 -1.01591919e+00  9.70117739e-01
3      2.27397206e-02  9.70117737e-01 -1.01591919e+00
--------------------------------------------------------------------------------
Alpha = 3.14159265e+00
Beta  = 1.57079633e+00
Gamma = 4.71238898e+00

Re[Rot Density (Scalar)]: 
--------------------------------------------------------------------------------
     1               2               3               
1      4.53509474e-01  3.55423192e-01  3.55423194e-01
2      3.55423194e-01  1.27389064e+00 -7.12146284e-01
3      3.55423192e-01 -7.12146282e-01  1.27389064e+00
--------------------------------------------------------------------------------

Im[Rot Density (Scalar)]: 
--------------------------------------------------------------------------------
     1               2               3               
1     -2.22013234e-11 -1.09257154e-09  1.01451790e-09
2     -2.61568199e-09  1.39196269e-09  9.18528304e-10
3      2.76648789e-09 -9.27829414e-10 -1.40126397e-09
--------------------------------------------------------------------------------

Re[Rot Density (Mz)]: 
--------------------------------------------------------------------------------
     1               2               3               
1     -1.65874195e-01 -1.25724234e-01 -1.25724242e-01
2      8.33124972e-02  1.06251057e+00 -9.23526349e-01
3      8.33124951e-02 -9.23526352e-01  1.06251057e+00
--------------------------------------------------------------------------------

Im[Rot Density (Mz)]: 
--------------------------------------------------------------------------------
     1               2               3               
1      2.84269343e-11  7.24757589e-10 -8.40760345e-10
2     -2.57005011e-09  9.16618841e-10  1.32123935e-09
3      2.74794733e-09 -1.35918014e-09 -9.57810968e-10
--------------------------------------------------------------------------------

Re[Rot Density (My)]: 
--------------------------------------------------------------------------------
     1               2               3               
1      1.65874196e-01 -8.33124948e-02 -8.33124967e-02
2      1.25724235e-01 -1.06251057e+00  9.23526354e-01
3      1.25724240e-01  9.23526351e-01 -1.06251057e+00
--------------------------------------------------------------------------------

Im[Rot Density (My)]: 
--------------------------------------------------------------------------------
     1               2               3               
1      1.65234715e-10  8.75146018e-10 -9.58715257e-10
2     -2.77449670e-09  3.31689928e-09  5.40455811e-11
3      2.60951204e-09 -3.46527966e-09  4.09232189e-10
--------------------------------------------------------------------------------

Re[Rot Density (Mx)]: 
--------------------------------------------------------------------------------
     1               2               3               
1     -5.02223487e-10 -1.29404650e-10  6.33156110e-10
2     -2.97388474e-09  4.20082020e-09 -4.12883503e-10
3      2.21600596e-09 -2.73882534e-09 -2.11912369e-10
--------------------------------------------------------------------------------

Im[Rot Density (Mx)]: 
--------------------------------------------------------------------------------
     1               2               3               
1      6.85411708e-02 -2.27397155e-02 -2.27397236e-02
2     -2.27397174e-02  1.01591918e+00 -9.70117733e-01
3     -2.27397214e-02 -9.70117735e-01  1.01591919e+00
--------------------------------------------------------------------------------
Alpha = 1.57079633e+00
Beta  = 1.57079633e+00
Gamma = 1.57079633e+00

Re[Rot Density (Scalar)]: 
--------------------------------------------------------------------------------
     1               2               3               
1      4.53509474e-01  3.55423196e-01  3.55423190e-01
2      3.55423196e-01  1.27389064e+00 -7.12146283e-01
3      3.55423190e-01 -7.12146283e-01  1.27389064e+00
--------------------------------------------------------------------------------

Im[Rot Density (Scalar)]: 
--------------------------------------------------------------------------------
     1               2               3               
1     -2.13532506e-16 -2.65294649e-09  2.53851679e-09
2      2.65294650e-09  1.11508018e-16 -2.82637883e-09
3     -2.53851669e-09  2.82637864e-09  1.55757377e-16
--------------------------------------------------------------------------------

Re[Rot Density (Mz)]: 
--------------------------------------------------------------------------------
     1               2               3               
1      1.65874195e-01  1.25724237e-01  1.25724238e-01
2     -8.33124987e-02 -1.06251057e+00  9.23526353e-01
3     -8.33124936e-02  9.23526352e-01 -1.06251057e+00
--------------------------------------------------------------------------------

Im[Rot Density (Mz)]: 
--------------------------------------------------------------------------------
     1               2               3               
1      3.29267822e-10 -2.25131908e-09  2.06959499e-09
2     -2.76936570e-09  4.93724225e-09 -1.88917672e-09
3      2.69185043e-09 -1.62812468e-09 -1.31717768e-09
--------------------------------------------------------------------------------

Re[Rot Density (My)]: 
--------------------------------------------------------------------------------
     1               2               3               
1      1.65874195e-01 -8.33124987e-02 -8.33124936e-02
2      1.25724237e-01 -1.06251057e+00  9.23526352e-01
3      1.25724238e-01  9.23526353e-01 -1.06251057e+00
--------------------------------------------------------------------------------

Im[Rot Density (My)]: 
--------------------------------------------------------------------------------
     1               2               3               
1     -3.29267957e-10  2.76936540e-09 -2.69185061e-09
2      2.25131915e-09 -4.93724215e-09  1.62812460e-09
3     -2.06959455e-09  1.88917679e-09  1.31717773e-09
--------------------------------------------------------------------------------

Re[Rot Density (Mx)]: 
--------------------------------------------------------------------------------
     1               2               3               
1      2.15558389e-16  3.19221597e-09 -1.93034005e-09
2     -3.19221582e-09 -2.29802936e-16  2.61674052e-09
3      1.93034004e-09 -2.61674018e-09 -6.51473404e-18
--------------------------------------------------------------------------------

Im[Rot Density (Mx)]: 
--------------------------------------------------------------------------------
     1               2               3               
1     -6.85411709e-02  2.27397185e-02  2.27397204e-02
2      2.27397185e-02 -1.01591919e+00  9.70117736e-01
3      2.27397204e-02  9.70117736e-01 -1.01591919e+00
--------------------------------------------------------------------------------
Alpha = 1.57079633e+00
Beta  = 1.57079633e+00
Gamma = 4.71238898e+00

Re[Rot Density (Scalar)]: 
--------------------------------------------------------------------------------
     1               2               3               
1      4.53509474e-01  3.55423196e-01  3.55423190e-01
2      3.55423195e-01  1.27389064e+00 -7.12146283e-01
3      3.55423192e-01 -7.12146284e-01  1.27389064e+00
--------------------------------------------------------------------------------

Im[Rot Density (Scalar)]: 
--------------------------------------------------------------------------------
     1               2               3               
1     -4.43994761e-11 -3.15346818e-09  3.11178555e-09
2     -2.80077241e-09  2.23860922e-09 -1.16026511e-10
3      2.98794945e-09  9.74256494e-11 -2.25721063e-09
--------------------------------------------------------------------------------

Re[Rot Density (Mz)]: 
--------------------------------------------------------------------------------
     1               2               3               
1     -1.65874195e-01 -1.25724237e-01 -1.25724238e-01
2      8.33124974e-02  1.06251057e+00 -9.23526352e-01
3      8.33124950e-02 -9.23526352e-01  1.06251057e+00
--------------------------------------------------------------------------------

Im[Rot Density (Mz)]: 
--------------------------------------------------------------------------------
     1               2               3               
1     -1.81959372e-10  2.70528367e-09 -2.68942058e-09
2     -2.60013181e-09 -2.27930380e-09  4.07537260e-09
3      2.91883751e-09 -6.81499222e-10 -1.46418905e-09
--------------------------------------------------------------------------------

Re[Rot Density (My)]: 
--------------------------------------------------------------------------------
     1               2               3               
1      1.65874195e-01 -8.33124986e-02 -8.33124937e-02
2      1.25724236e-01 -1.06251057e+00  9.23526352e-01
3      1.25724240e-01  9.23526352e-01 -1.06251057e+00
--------------------------------------------------------------------------------

Im[Rot Density (My)]: 
--------------------------------------------------------------------------------
     1               2               3               
1      9.15858385e-11  2.89393472e-09 -3.09809084e-09
2     -2.93631021e-09  2.31784921e-09  9.36196809e-10
3      2.85425047e-09 -4.28572152e-09  1.46999209e-09
--------------------------------------------------------------------------------

Re[Rot Density (Mx)]: 
--------------------------------------------------------------------------------
     1               2               3               
1     -1.00425205e-09 -2.42291235e-09  2.16883460e-09
2     -2.62149835e-09  7.53833934e-09 -3.02542024e-09
3      2.36742058e-09 -3.27490983e-09  4.36062286e-10
--------------------------------------------------------------------------------

Im[Rot Density (Mx)]: 
--------------------------------------------------------------------------------
     1               2               3               
1      6.85411709e-02 -2.27397186e-02 -2.27397204e-02
2     -2.27397173e-02  1.01591919e+00 -9.70117737e-01
3     -2.27397217e-02 -9.70117736e-01  1.01591919e+00
--------------------------------------------------------------------------------
Alpha = 4.71238898e+00
Beta  = 1.57079633e+00
Gamma = 1.57079633e+00

Re[Rot Density (Scalar)]: 
--------------------------------------------------------------------------------
     1               2               3               
1      4.53509474e-01  3.55423195e-01  3.55423192e-01
2      3.55423196e-01  1.27389064e+00 -7.12146284e-01
3      3.55423190e-01 -7.12146283e-01  1.27389064e+00
--------------------------------------------------------------------------------

Im[Rot Density (Scalar)]: 
--------------------------------------------------------------------------------
     1               2               3               
1      4.43989770e-11  2.80077251e-09 -2.98794935e-09
2      3.15346804e-09 -2.23860921e-09 -9.74255484e-11
3     -3.11178528e-09  1.16026720e-10  2.25721051e-09
--------------------------------------------------------------------------------

Re[Rot Density (Mz)]: 
--------------------------------------------------------------------------------
     1               2               3               
1      1.65874195e-01  1.25724236e-01  1.25724240e-01
2     -8.33124986e-02 -1.06251057e+00  9.23526352e-01
3     -8.33124937e-02  9.23526352e-01 -1.06251057e+00
--------------------------------------------------------------------------------

Im[Rot Density (Mz)]: 
--------------------------------------------------------------------------------
     1               2               3               
1     -9.15859231e-11  2.93631054e-09 -2.85425025e-09
2     -2.89393475e-09 -2.31784892e-09  4.28572134e-09
3      3.09809037e-09 -9.36197134e-10 -1.46999174e-09
--------------------------------------------------------------------------------

Re[Rot Density (My)]: 
--------------------------------------------------------------------------------
     1               2               3               
1      1.65874195e-01 -8.33124974e-02 -8.33124950e-02
2      1.25724237e-01 -1.06251057e+00  9.23526352e-01
3      1.25724238e-01  9.23526352e-01 -1.06251057e+00
--------------------------------------------------------------------------------

Im[Rot Density (My)]: 
--------------------------------------------------------------------------------
     1               2               3               
1     -1.81959873e-10 -2.60013182e-09  2.91883734e-09
2      2.70528351e-09 -2.27930344e-09 -6.81499221e-10
3     -2.68942035e-09  4.07537259e-09 -1.46418870e-09
--------------------------------------------------------------------------------

Re[Rot Density (Mx)]: 
--------------------------------------------------------------------------------
     1               2               3               
1     -1.00425204e-09 -2.62149830e-09  2.36742058e-09
2     -2.42291233e-09  7.53833894e-09 -3.27490959e-09
3      2.16883448e-09 -3.02541983e-09  4.36061905e-10
--------------------------------------------------------------------------------

Im[Rot Density (Mx)]: 
--------------------------------------------------------------------------------
     1               2               3               
1     -6.85411709e-02  2.27397173e-02  2.27397217e-02
2      2.27397186e-02 -1.01591919e+00  9.70117736e-01
3      2.27397204e-02  9.70117737e-01 -1.01591919e+00
--------------------------------------------------------------------------------
Alpha = 4.71238898e+00
Beta  = 1.57079633e+00
Gamma = 4.71238898e+00

Re[Rot Density (Scalar)]: 
--------------------------------------------------------------------------------
     1               2               3               
1      4.53509474e-01  3.55423195e-01  3.55423192e-01
2      3.55423195e-01  1.27389064e+00 -7.12146283e-01
3      3.55423192e-01 -7.12146283e-01  1.27389064e+00
--------------------------------------------------------------------------------

Im[Rot Density (Scalar)]: 
--------------------------------------------------------------------------------
     1               2               3               
1     -2.60426621e-16  2.30025092e-09 -2.41468057e-09
2     -2.30025096e-09  3.35485753e-17  2.61292660e-09
3      2.41468090e-09 -2.61292638e-09 -3.40900522e-17
--------------------------------------------------------------------------------

Re[Rot Density (Mz)]: 
--------------------------------------------------------------------------------
     1               2               3               
1     -1.65874195e-01 -1.25724236e-01 -1.25724240e-01
2      8.33124973e-02  1.06251057e+00 -9.23526352e-01
3      8.33124950e-02 -9.23526353e-01  1.06251057e+00
--------------------------------------------------------------------------------

Im[Rot Density (Mz)]: 
--------------------------------------------------------------------------------
     1               2               3               
1      2.38894425e-10 -2.48234604e-09  2.23442461e-09
2     -2.47556271e-09  4.97578796e-09 -2.09952576e-09
3      2.51259746e-09 -1.37342717e-09 -1.31137452e-09
--------------------------------------------------------------------------------

Re[Rot Density (My)]: 
--------------------------------------------------------------------------------
     1               2               3               
1      1.65874195e-01 -8.33124973e-02 -8.33124950e-02
2      1.25724236e-01 -1.06251057e+00  9.23526353e-01
3      1.25724240e-01  9.23526352e-01 -1.06251057e+00
--------------------------------------------------------------------------------

Im[Rot Density (My)]: 
--------------------------------------------------------------------------------
     1               2               3               
1      2.38893824e-10 -2.47556263e-09  2.51259705e-09
2     -2.48234585e-09  4.97578786e-09 -1.37342685e-09
3      2.23442479e-09 -2.09952545e-09 -1.31137449e-09
--------------------------------------------------------------------------------

Re[Rot Density (Mx)]: 
--------------------------------------------------------------------------------
     1               2               3               
1      2.44779786e-16  3.39080190e-09 -2.12892592e-09
2     -3.39080184e-09 -2.66313552e-16  2.86623022e-09
3      2.12892613e-09 -2.86622968e-09 -1.24313843e-16
--------------------------------------------------------------------------------

Im[Rot Density (Mx)]: 
--------------------------------------------------------------------------------
     1               2               3               
1      6.85411709e-02 -2.27397174e-02 -2.27397216e-02
2     -2.27397174e-02  1.01591918e+00 -9.70117736e-01
3     -2.27397216e-02 -9.70117736e-01  1.01591919e+00
--------------------------------------------------------------------------------
Alpha = 0.00000000e+00
Beta  = 0.00000000e+00
Gamma = 1.57079633e+00

Re[Rot Density (Scalar)]: 
--------------------------------------------------------------------------------
     1               2               3               
1      4.53509474e-01  3.55423193e-01  3.55423193e-01
2      3.55423198e-01  1.27389064e+00 -7.12146286e-01
3      3.55423189e-01 -7.12146281e-01  1.27389064e+00
--------------------------------------------------------------------------------

Im[Rot Density (Scalar)]: 
--------------------------------------------------------------------------------
     1               2               3               
1     -3.25278089e-15 -9.07481114e-10  7.93056457e-10
2     -5.54785400e-10  5.45316142e-10 -1.06726603e-10
3      6.69220228e-10  1.06725544e-10 -5.45317532e-10
--------------------------------------------------------------------------------

Re[Rot Density (Mz)]: 
--------------------------------------------------------------------------------
     1               2               3               
1     -1.94649225e-13 -4.81790841e-10  4.81741772e-10
2     -6.80377494e-10  8.63301929e-10  1.23200065e-10
3      6.80327373e-10 -1.26289515e-10 -8.59886201e-10
--------------------------------------------------------------------------------

Im[Rot Density (Mz)]: 
--------------------------------------------------------------------------------
     1               2               3               
1      6.85411709e-02 -2.27397154e-02 -2.27397238e-02
2     -2.27397205e-02  1.01591919e+00 -9.70117733e-01
3     -2.27397183e-02 -9.70117739e-01  1.01591919e+00
--------------------------------------------------------------------------------

Re[Rot Density (My)]: 
--------------------------------------------------------------------------------
     1               2               3               
1      1.65874196e-01 -8.33124950e-02 -8.33124966e-02
2      1.25724238e-01 -1.06251057e+00  9.23526354e-01
3      1.25724237e-01  9.23526354e-01 -1.06251057e+00
--------------------------------------------------------------------------------

Im[Rot Density (My)]: 
--------------------------------------------------------------------------------
     1               2               3               
1     -4.51514720e-11  8.45064587e-10 -7.87825041e-10
2     -7.93970834e-10  1.20977213e-10  7.31726099e-10
3      7.60851871e-10 -7.11147011e-10 -9.71454472e-11
--------------------------------------------------------------------------------

Re[Rot Density (Mx)]: 
--------------------------------------------------------------------------------
     1               2               3               
1      1.65874195e-01  1.25724234e-01  1.25724242e-01
2     -8.33125010e-02 -1.06251056e+00  9.23526350e-01
3     -8.33124921e-02  9.23526351e-01 -1.06251057e+00
--------------------------------------------------------------------------------

Im[Rot Density (Mx)]: 
--------------------------------------------------------------------------------
     1               2               3               
1      4.52218823e-11 -5.62943997e-10  5.96022028e-10
2      5.51261584e-10  8.24314857e-11 -5.00798072e-10
3     -6.08571681e-10  4.77028538e-10 -1.02948562e-10
--------------------------------------------------------------------------------
Alpha = 0.00000000e+00
Beta  = 0.00000000e+00
Gamma = 4.71238898e+00

Re[Rot Density (Scalar)]: 
--------------------------------------------------------------------------------
     1               2               3               
1      4.53509474e-01  3.55423198e-01  3.55423189e-01
2      3.55423193e-01  1.27389064e+00 -7.12146281e-01
3      3.55423193e-01 -7.12146286e-01  1.27389064e+00
--------------------------------------------------------------------------------

Im[Rot Density (Scalar)]: 
--------------------------------------------------------------------------------
     1               2               3               
1      2.82032932e-15  5.54785429e-10 -6.69220237e-10
2      9.07480963e-10 -5.45316092e-10 -1.06725563e-10
3     -7.93056162e-10  1.06726819e-10  5.45317568e-10
--------------------------------------------------------------------------------

Re[Rot Density (Mz)]: 
--------------------------------------------------------------------------------
     1               2               3               
1     -1.94746032e-13 -6.80376901e-10  6.80327887e-10
2     -4.81791416e-10  8.63302043e-10 -1.26289935e-10
3      4.81741239e-10  1.23200070e-10 -8.59886345e-10
--------------------------------------------------------------------------------

Im[Rot Density (Mz)]: 
--------------------------------------------------------------------------------
     1               2               3               
1     -6.85411709e-02  2.27397205e-02  2.27397183e-02
2      2.27397154e-02 -1.01591919e+00  9.70117739e-01
3      2.27397238e-02  9.70117733e-01 -1.01591919e+00
--------------------------------------------------------------------------------

Re[Rot Density (My)]: 
--------------------------------------------------------------------------------
     1               2               3               
1      1.65874195e-01 -8.33125010e-02 -8.33124921e-02
2      1.25724234e-01 -1.06251056e+00  9.23526351e-01
3      1.25724242e-01  9.23526350e-01 -1.06251057e+00
--------------------------------------------------------------------------------

Im[Rot Density (My)]: 
--------------------------------------------------------------------------------
     1               2               3               
1     -4.52224903e-11 -5.51261548e-10  6.08571588e-10
2      5.62944031e-10 -8.24315107e-11 -4.77028526e-10
3     -5.96021759e-10  5.00798144e-10  1.02948781e-10
--------------------------------------------------------------------------------

Re[Rot Density (Mx)]: 
--------------------------------------------------------------------------------
     1               2               3               
1     -1.65874196e-01 -1.25724238e-01 -1.25724237e-01
2      8.33124950e-02  1.06251057e+00 -9.23526354e-01
3      8.33124966e-02 -9.23526354e-01  1.06251057e+00
--------------------------------------------------------------------------------

Im[Rot Density (Mx)]: 
--------------------------------------------------------------------------------
     1               2               3               
1     -4.51515862e-11 -7.93970997e-10  7.60851799e-10
2      8.45064514e-10  1.20977215e-10 -7.11147414e-10
3     -7.87824580e-10  7.31726140e-10 -9.71453704e-11
--------------------------------------------------------------------------------
Alpha = 0.00000000e+00
Beta  = 3.14159265e+00
Gamma = 1.57079633e+00

Re[Rot Density (Scalar)]: 
--------------------------------------------------------------------------------
     1               2               3               
1      4.53509474e-01  3.55423192e-01  3.55423194e-01
2      3.55423192e-01  1.27389064e+00 -7.12146283e-01
3      3.55423194e-01 -7.12146283e-01  1.27389064e+00
--------------------------------------------------------------------------------

Im[Rot Density (Scalar)]: 
--------------------------------------------------------------------------------
     1               2               3               
1     -2.29556518e-16 -7.77140371e-10  6.62710719e-10
2      7.77140492e-10  9.58476583e-17 -7.66568803e-10
3     -6.62710582e-10  7.66568848e-10 -1.06379847e-16
--------------------------------------------------------------------------------

Re[Rot Density (Mz)]: 
--------------------------------------------------------------------------------
     1               2               3               
1      4.18582245e-16  5.46322052e-10 -5.46075803e-10
2     -5.46322175e-10 -1.00710695e-16  5.40288027e-10
3      5.46076066e-10 -5.40288158e-10 -4.47143295e-17
--------------------------------------------------------------------------------

Im[Rot Density (Mz)]: 
--------------------------------------------------------------------------------
     1               2               3               
1     -6.85411707e-02  2.27397156e-02  2.27397234e-02
2      2.27397156e-02 -1.01591918e+00  9.70117733e-01
3      2.27397234e-02  9.70117733e-01 -1.01591919e+00
--------------------------------------------------------------------------------

Re[Rot Density (My)]: 
--------------------------------------------------------------------------------
     1               2               3               
1      1.65874196e-01 -8.33124947e-02 -8.33124968e-02
2      1.25724233e-01 -1.06251057e+00  9.23526353e-01
3      1.25724242e-01  9.23526348e-01 -1.06251057e+00
--------------------------------------------------------------------------------

Im[Rot Density (My)]: 
--------------------------------------------------------------------------------
     1               2               3               
1     -4.52327824e-11  7.80658338e-10 -7.23365175e-10
2      4.32606851e-10 -7.42269843e-10  6.82926474e-11
3     -4.65672944e-10 -4.45144128e-11  7.62795675e-10
--------------------------------------------------------------------------------

Re[Rot Density (Mx)]: 
--------------------------------------------------------------------------------
     1               2               3               
1     -1.65874196e-01 -1.25724233e-01 -1.25724242e-01
2      8.33124947e-02  1.06251057e+00 -9.23526348e-01
3      8.33124968e-02 -9.23526353e-01  1.06251057e+00
--------------------------------------------------------------------------------

Im[Rot Density (Mx)]: 
--------------------------------------------------------------------------------
     1               2               3               
1     -4.52325131e-11  4.32606698e-10 -4.65673162e-10
2      7.80658626e-10 -7.42269881e-10 -4.45147361e-11
3     -7.23364905e-10  6.82926469e-11  7.62795720e-10
--------------------------------------------------------------------------------
Alpha = 0.00000000e+00
Beta  = 3.14159265e+00
Gamma = 4.71238898e+00

Re[Rot Density (Scalar)]: 
--------------------------------------------------------------------------------
     1               2               3               
1      4.53509474e-01  3.55423199e-01  3.55423188e-01
2      3.55423199e-01  1.27389064e+00 -7.12146283e-01
3      3.55423188e-01 -7.12146283e-01  1.27389064e+00
--------------------------------------------------------------------------------

Im[Rot Density (Scalar)]: 
--------------------------------------------------------------------------------
     1               2               3               
1     -1.73699490e-16  4.24444863e-10 -5.38874564e-10
2     -4.24444991e-10 -1.13214468e-16  5.53116871e-10
3      5.38874819e-10 -5.53116545e-10 -5.63613420e-17
--------------------------------------------------------------------------------

Re[Rot Density (Mz)]: 
--------------------------------------------------------------------------------
     1               2               3               
1      2.41354270e-16  7.44907992e-10 -7.44661920e-10
2     -7.44908108e-10  8.36676421e-17  7.89777588e-10
3      7.44662099e-10 -7.89777952e-10  1.57941566e-16
--------------------------------------------------------------------------------

Im[Rot Density (Mz)]: 
--------------------------------------------------------------------------------
     1               2               3               
1      6.85411711e-02 -2.27397203e-02 -2.27397186e-02
2     -2.27397203e-02  1.01591919e+00 -9.70117740e-01
3     -2.27397186e-02 -9.70117740e-01  1.01591919e+00
--------------------------------------------------------------------------------

Re[Rot Density (My)]: 
--------------------------------------------------------------------------------
     1               2               3               
1      1.65874195e-01 -8.33125013e-02 -8.33124919e-02
2      1.25724239e-01 -1.06251057e+00  9.23526352e-01
3      1.25724237e-01  9.23526357e-01 -1.06251057e+00
--------------------------------------------------------------------------------

Im[Rot Density (My)]: 
--------------------------------------------------------------------------------
     1               2               3               
1     -4.51412810e-11 -4.86855596e-10  5.44111820e-10
2     -6.63633614e-10  7.80815596e-10  1.86404820e-10
3      6.30503186e-10 -1.65834300e-10 -7.56992453e-10
--------------------------------------------------------------------------------

Re[Rot Density (Mx)]: 
--------------------------------------------------------------------------------
     1               2               3               
1      1.65874195e-01  1.25724239e-01  1.25724237e-01
2     -8.33125013e-02 -1.06251057e+00  9.23526357e-01
3     -8.33124919e-02  9.23526352e-01 -1.06251057e+00
--------------------------------------------------------------------------------

Im[Rot Density (Mx)]: 
--------------------------------------------------------------------------------
     1               2               3               
1      4.51409294e-11  6.63633492e-10 -6.30502734e-10
2      4.86855752e-10 -7.80815430e-10  1.65834254e-10
3     -5.44111972e-10 -1.86404990e-10  7.56992566e-10
--------------------------------------------------------------------------------
  PHF <S²> = 7.0403867427969102e-01
 WARNING: <S²> deviates from expected value.
 A denser integration grid may be necessary.
    *** Damping Disabled After 1.0000000000000001e-01 Converged Met ***
  SCFIt: 1      -1.352644029525548630       -1.6663973e-02   2.0375631e-02
SCF Failed to converge within MAXITER iterations
Job terminated: Tue Feb 14 13:39:22 2017

